This file contains sample trybot output from a Mac trybot run.
It contains an error message but has otherwise been shortened for
length.

Distributed-CompileC ../xcodebuild/chrome.build/Debug/browser.build/Objects-normal/i386/importer_bridge.o browser/importer/importer_bridge.cc normal i386 c++ com.apple.compilers.gcc.4_2
    cd /b/build/slave/mac/build/src/chrome
    setenv DISTCC_COMPILER "gcc version 4.2.1 (Apple Inc. build 5659)"
    setenv DISTCC_HOSTS "--randomize distcc5.golo.chromium.org:3632,lzo,cpp/18 distcc9.golo.chromium.org:3632,lzo,cpp/18 distcc1.golo.chromium.org:3632,lzo,cpp/18 distcc2.golo.chromium.org:3632,lzo,cpp/18 distcc3.golo.chromium.org:3632,lzo,cpp/18 distcc6.golo.chromium.org:3632,lzo,cpp/18 distcc10.golo.chromium.org:3632,lzo,cpp/18 distcc7.golo.chromium.org:3632,lzo,cpp/18 distcc8.golo.chromium.org:3632,lzo,cpp/18 distcc4.golo.chromium.org:3632,lzo,cpp/18"
    setenv DISTCC_SYSTEM "10.6.4 (10F2025, i386)"
    setenv INCLUDE_SERVER_DIR /tmp/distcc-pump.f08mGR
    setenv INCLUDE_SERVER_PID 706
    setenv INCLUDE_SERVER_PORT /tmp/distcc-pump.f08mGR/socket
    setenv LANG en_US.US-ASCII
    setenv PATH "/usr/bin:/Developer/usr/bin:/usr/bin:/b/build/../depot_tools:/usr/bin:/bin:/usr/sbin:/sbin:/usr/local/bin"
    /Developer/usr/bin/distcc /Developer/usr/bin/gcc-4.2 -x c++ -arch i386 -fmessage-length=0 -pipe -Wno-trigraphs -fno-exceptions -fno-rtti -O0 -Werror -Wnewline-eof -DCHROMIUM_BUILD -DENABLE_REMOTING=1 -DENABLE_GPU=1 -DNACL_WINDOWS=0 -DNACL_LINUX=0 -DNACL_OSX=1 -DNACL_TARGET_SUBARCH=32 -DNACL_BUILD_SUBARCH=32 -DCHROME_V8 -DGOOGLE_PROTOBUF_NO_RTTI -DXML_STATIC -DFEATURE_ENABLE_SSL -DFEATURE_ENABLE_VOICEMAIL -DEXPAT_RELATIVE_PATH -DOSX -DPOSIX -DLIBXML_STATIC -DHUNSPELL_STATIC -DHUNSPELL_CHROME_CLIENT -DUSE_HUNSPELL -D__STDC_FORMAT_MACROS -DDYNAMIC_ANNOTATIONS_ENABLED=1 -D_DEBUG -isysroot /Developer/SDKs/MacOSX10.5.sdk -fvisibility=hidden -fvisibility-inlines-hidden -fno-threadsafe-statics -mmacosx-version-min=10.5 -gdwarf-2 -Wall -Wendif-labels -Wextra -Wno-unused-parameter -Wno-missing-field-initializers -fpch-preprocess -F/b/build/slave/mac/build/src/chrome/../xcodebuild/Debug -F/Developer/SDKs/MacOSX10.5.sdk/System/Library/Frameworks/ApplicationServices.framework/Frameworks -I/b/build/slave/mac/build/src/chrome/../xcodebuild/Debug/include -I../third_party/icu/public/common -I../third_party/icu/public/i18n -I.. -I/b/build/slave/mac/build/src/chrome/../xcodebuild/chrome.build/DerivedSources/Debug -I../third_party/apple -I../third_party/GTM -I../third_party/GTM/AppKit -I../third_party/GTM/Foundation -I../third_party/GTM/DebugUtils -I../gpu -I../third_party -I../third_party/mesa/MesaLib/include -I/b/build/slave/mac/build/src/chrome/../xcodebuild/DerivedSources/Debug/app -I/b/build/slave/mac/build/src/chrome/../xcodebuild/DerivedSources/Debug/chrome -I/b/build/slave/mac/build/src/chrome/../xcodebuild/DerivedSources/Debug/protoc_out -I../third_party/protobuf -I../third_party/protobuf/src -I/b/build/slave/mac/build/src/chrome/../xcodebuild/DerivedSources/Debug/app/app_resources -I/b/build/slave/mac/build/src/chrome/../xcodebuild/DerivedSources/Debug/app/app_locale_settings -I/b/build/slave/mac/build/src/chrome/../xcodebuild/DerivedSources/Debug/app/app_strings -I../skia/config -I../third_party/skia/include/config -I../third_party/skia/include/core -I../third_party/skia/include/effects -I../skia/ext -I../third_party/bzip2 -I../third_party/expat/files/lib -I../third_party/libjingle/overrides -I../third_party/libjingle/source -I../third_party/expat/files -I../third_party/libxml/mac/include -I../third_party/libxml/src/include -I../third_party/npapi -I../third_party/npapi/bindings -I../third_party/speex/include -I/b/build/slave/mac/build/src/chrome/../xcodebuild/DerivedSources/Debug/webkit -I/b/build/slave/mac/build/src/chrome/../xcodebuild/chrome.build/Debug/browser.build/DerivedSources/i386 -I/b/build/slave/mac/build/src/chrome/../xcodebuild/chrome.build/Debug/browser.build/DerivedSources -g1 -c /b/build/slave/mac/build/src/chrome/browser/importer/importer_bridge.cc -o /b/build/slave/mac/build/src/chrome/../xcodebuild/chrome.build/Debug/browser.build/Objects-normal/i386/importer_bridge.o

distcc[2050] ERROR: compile /b/build/slave/mac/build/src/chrome/browser/importer/importer_bridge.cc on distcc3.golo.chromium.org:3632,lzo,cpp/18 failed
distcc[2050] (dcc_build_somewhere) Warning: remote compilation of '/b/build/slave/mac/build/src/chrome/browser/importer/importer_bridge.cc' failed, retrying locally
distcc[2050] Warning: failed to distribute /b/build/slave/mac/build/src/chrome/browser/importer/importer_bridge.cc to distcc3.golo.chromium.org:3632,lzo,cpp/18, running locally instead
distcc[2050] (dcc_please_send_email_after_investigation) Warning: remote compilation of '/b/build/slave/mac/build/src/chrome/browser/importer/importer_bridge.cc' failed, retried locally and got a different result.
distcc[2050] (dcc_note_discrepancy) Warning: now using plain distcc, possibly due to inconsistent file system changes during build
Distributed-CompileC ../xcodebuild/chrome.build/Debug/browser.build/Objects-normal/i386/login_prompt_mac.o browser/login_prompt_mac.mm normal i386 objective-c++ com.apple.compilers.gcc.4_2
    cd /b/build/slave/mac/build/src/chrome
    setenv DISTCC_COMPILER "gcc version 4.2.1 (Apple Inc. build 5659)"
    setenv DISTCC_HOSTS "--randomize distcc5.golo.chromium.org:3632,lzo,cpp/18 distcc9.golo.chromium.org:3632,lzo,cpp/18 distcc1.golo.chromium.org:3632,lzo,cpp/18 distcc2.golo.chromium.org:3632,lzo,cpp/18 distcc3.golo.chromium.org:3632,lzo,cpp/18 distcc6.golo.chromium.org:3632,lzo,cpp/18 distcc10.golo.chromium.org:3632,lzo,cpp/18 distcc7.golo.chromium.org:3632,lzo,cpp/18 distcc8.golo.chromium.org:3632,lzo,cpp/18 distcc4.golo.chromium.org:3632,lzo,cpp/18"
    setenv DISTCC_SYSTEM "10.6.4 (10F2025, i386)"
    setenv INCLUDE_SERVER_DIR /tmp/distcc-pump.f08mGR
    setenv INCLUDE_SERVER_PID 706
    setenv INCLUDE_SERVER_PORT /tmp/distcc-pump.f08mGR/socket
    setenv LANG en_US.US-ASCII
    setenv PATH "/usr/bin:/Developer/usr/bin:/usr/bin:/b/build/../depot_tools:/usr/bin:/bin:/usr/sbin:/sbin:/usr/local/bin"
    /Developer/usr/bin/distcc /Developer/usr/bin/gcc-4.2 -x objective-c++ -arch i386 -fmessage-length=0 -pipe -Wno-trigraphs -fno-exceptions -fno-rtti -O0 -Werror -Wnewline-eof -DCHROMIUM_BUILD -DENABLE_REMOTING=1 -DENABLE_GPU=1 -DNACL_WINDOWS=0 -DNACL_LINUX=0 -DNACL_OSX=1 -DNACL_TARGET_SUBARCH=32 -DNACL_BUILD_SUBARCH=32 -DCHROME_V8 -DGOOGLE_PROTOBUF_NO_RTTI -DXML_STATIC -DFEATURE_ENABLE_SSL -DFEATURE_ENABLE_VOICEMAIL -DEXPAT_RELATIVE_PATH -DOSX -DPOSIX -DLIBXML_STATIC -DHUNSPELL_STATIC -DHUNSPELL_CHROME_CLIENT -DUSE_HUNSPELL -D__STDC_FORMAT_MACROS -DDYNAMIC_ANNOTATIONS_ENABLED=1 -D_DEBUG -isysroot /Developer/SDKs/MacOSX10.5.sdk -fvisibility=hidden -fvisibility-inlines-hidden -fno-threadsafe-statics -mmacosx-version-min=10.5 -gdwarf-2 -Wall -Wendif-labels -Wextra -Wno-unused-parameter -Wno-missing-field-initializers -fpch-preprocess -F/b/build/slave/mac/build/src/chrome/../xcodebuild/Debug -F/Developer/SDKs/MacOSX10.5.sdk/System/Library/Frameworks/ApplicationServices.framework/Frameworks -I/b/build/slave/mac/build/src/chrome/../xcodebuild/Debug/include -I../third_party/icu/public/common -I../third_party/icu/public/i18n -I.. -I/b/build/slave/mac/build/src/chrome/../xcodebuild/chrome.build/DerivedSources/Debug -I../third_party/apple -I../third_party/GTM -I../third_party/GTM/AppKit -I../third_party/GTM/Foundation -I../third_party/GTM/DebugUtils -I../gpu -I../third_party -I../third_party/mesa/MesaLib/include -I/b/build/slave/mac/build/src/chrome/../xcodebuild/DerivedSources/Debug/app -I/b/build/slave/mac/build/src/chrome/../xcodebuild/DerivedSources/Debug/chrome -I/b/build/slave/mac/build/src/chrome/../xcodebuild/DerivedSources/Debug/protoc_out -I../third_party/protobuf -I../third_party/protobuf/src -I/b/build/slave/mac/build/src/chrome/../xcodebuild/DerivedSources/Debug/app/app_resources -I/b/build/slave/mac/build/src/chrome/../xcodebuild/DerivedSources/Debug/app/app_locale_settings -I/b/build/slave/mac/build/src/chrome/../xcodebuild/DerivedSources/Debug/app/app_strings -I../skia/config -I../third_party/skia/include/config -I../third_party/skia/include/core -I../third_party/skia/include/effects -I../skia/ext -I../third_party/bzip2 -I../third_party/expat/files/lib -I../third_party/libjingle/overrides -I../third_party/libjingle/source -I../third_party/expat/files -I../third_party/libxml/mac/include -I../third_party/libxml/src/include -I../third_party/npapi -I../third_party/npapi/bindings -I../third_party/speex/include -I/b/build/slave/mac/build/src/chrome/../xcodebuild/DerivedSources/Debug/webkit -I/b/build/slave/mac/build/src/chrome/../xcodebuild/chrome.build/Debug/browser.build/DerivedSources/i386 -I/b/build/slave/mac/build/src/chrome/../xcodebuild/chrome.build/Debug/browser.build/DerivedSources -g1 -c /b/build/slave/mac/build/src/chrome/browser/login_prompt_mac.mm -o /b/build/slave/mac/build/src/chrome/../xcodebuild/chrome.build/Debug/browser.build/Objects-normal/i386/login_prompt_mac.o

Distributed-CompileC ../xcodebuild/chrome.build/Debug/browser.build/Objects-normal/i386/mach_broker_mac.o browser/mach_broker_mac.cc normal i386 c++ com.apple.compilers.gcc.4_2
    cd /b/build/slave/mac/build/src/chrome
    setenv DISTCC_COMPILER "gcc version 4.2.1 (Apple Inc. build 5659)"
    setenv DISTCC_HOSTS "--randomize distcc5.golo.chromium.org:3632,lzo,cpp/18 distcc9.golo.chromium.org:3632,lzo,cpp/18 distcc1.golo.chromium.org:3632,lzo,cpp/18 distcc2.golo.chromium.org:3632,lzo,cpp/18 distcc3.golo.chromium.org:3632,lzo,cpp/18 distcc6.golo.chromium.org:3632,lzo,cpp/18 distcc10.golo.chromium.org:3632,lzo,cpp/18 distcc7.golo.chromium.org:3632,lzo,cpp/18 distcc8.golo.chromium.org:3632,lzo,cpp/18 distcc4.golo.chromium.org:3632,lzo,cpp/18"
    setenv DISTCC_SYSTEM "10.6.4 (10F2025, i386)"
    setenv INCLUDE_SERVER_DIR /tmp/distcc-pump.f08mGR
    setenv INCLUDE_SERVER_PID 706
    setenv INCLUDE_SERVER_PORT /tmp/distcc-pump.f08mGR/socket
    setenv LANG en_US.US-ASCII
    setenv PATH "/usr/bin:/Developer/usr/bin:/usr/bin:/b/build/../depot_tools:/usr/bin:/bin:/usr/sbin:/sbin:/usr/local/bin"
    /Developer/usr/bin/distcc /Developer/usr/bin/gcc-4.2 -x c++ -arch i386 -fmessage-length=0 -pipe -Wno-trigraphs -fno-exceptions -fno-rtti -O0 -Werror -Wnewline-eof -DCHROMIUM_BUILD -DENABLE_REMOTING=1 -DENABLE_GPU=1 -DNACL_WINDOWS=0 -DNACL_LINUX=0 -DNACL_OSX=1 -DNACL_TARGET_SUBARCH=32 -DNACL_BUILD_SUBARCH=32 -DCHROME_V8 -DGOOGLE_PROTOBUF_NO_RTTI -DXML_STATIC -DFEATURE_ENABLE_SSL -DFEATURE_ENABLE_VOICEMAIL -DEXPAT_RELATIVE_PATH -DOSX -DPOSIX -DLIBXML_STATIC -DHUNSPELL_STATIC -DHUNSPELL_CHROME_CLIENT -DUSE_HUNSPELL -D__STDC_FORMAT_MACROS -DDYNAMIC_ANNOTATIONS_ENABLED=1 -D_DEBUG -isysroot /Developer/SDKs/MacOSX10.5.sdk -fvisibility=hidden -fvisibility-inlines-hidden -fno-threadsafe-statics -mmacosx-version-min=10.5 -gdwarf-2 -Wall -Wendif-labels -Wextra -Wno-unused-parameter -Wno-missing-field-initializers -fpch-preprocess -F/b/build/slave/mac/build/src/chrome/../xcodebuild/Debug -F/Developer/SDKs/MacOSX10.5.sdk/System/Library/Frameworks/ApplicationServices.framework/Frameworks -I/b/build/slave/mac/build/src/chrome/../xcodebuild/Debug/include -I../third_party/icu/public/common -I../third_party/icu/public/i18n -I.. -I/b/build/slave/mac/build/src/chrome/../xcodebuild/chrome.build/DerivedSources/Debug -I../third_party/apple -I../third_party/GTM -I../third_party/GTM/AppKit -I../third_party/GTM/Foundation -I../third_party/GTM/DebugUtils -I../gpu -I../third_party -I../third_party/mesa/MesaLib/include -I/b/build/slave/mac/build/src/chrome/../xcodebuild/DerivedSources/Debug/app -I/b/build/slave/mac/build/src/chrome/../xcodebuild/DerivedSources/Debug/chrome -I/b/build/slave/mac/build/src/chrome/../xcodebuild/DerivedSources/Debug/protoc_out -I../third_party/protobuf -I../third_party/protobuf/src -I/b/build/slave/mac/build/src/chrome/../xcodebuild/DerivedSources/Debug/app/app_resources -I/b/build/slave/mac/build/src/chrome/../xcodebuild/DerivedSources/Debug/app/app_locale_settings -I/b/build/slave/mac/build/src/chrome/../xcodebuild/DerivedSources/Debug/app/app_strings -I../skia/config -I../third_party/skia/include/config -I../third_party/skia/include/core -I../third_party/skia/include/effects -I../skia/ext -I../third_party/bzip2 -I../third_party/expat/files/lib -I../third_party/libjingle/overrides -I../third_party/libjingle/source -I../third_party/expat/files -I../third_party/libxml/mac/include -I../third_party/libxml/src/include -I../third_party/npapi -I../third_party/npapi/bindings -I../third_party/speex/include -I/b/build/slave/mac/build/src/chrome/../xcodebuild/DerivedSources/Debug/webkit -I/b/build/slave/mac/build/src/chrome/../xcodebuild/chrome.build/Debug/browser.build/DerivedSources/i386 -I/b/build/slave/mac/build/src/chrome/../xcodebuild/chrome.build/Debug/browser.build/DerivedSources -g1 -c /b/build/slave/mac/build/src/chrome/browser/mach_broker_mac.cc -o /b/build/slave/mac/build/src/chrome/../xcodebuild/chrome.build/Debug/browser.build/Objects-normal/i386/mach_broker_mac.o

distcc[8968] ERROR: compile /b/build/slave/mac/build/src/webkit/glue/bookmarklet_unittest.cc on distcc7.golo.chromium.org:3632,lzo,cpp/18 failed
distcc[8968] (dcc_build_somewhere) Warning: remote compilation of '/b/build/slave/mac/build/src/webkit/glue/bookmarklet_unittest.cc' failed, retrying locally
distcc[8968] Warning: failed to distribute /b/build/slave/mac/build/src/webkit/glue/bookmarklet_unittest.cc to distcc7.golo.chromium.org:3632,lzo,cpp/18, running locally instead
/b/build/slave/mac/build/src/webkit/glue/bookmarklet_unittest.cc: In member function 'virtual void<unnamed>::BookmarkletTest_DocumentWrite_Test::TestBody()':
/b/build/slave/mac/build/src/webkit/glue/bookmarklet_unittest.cc:72: error: conversion from 'string16' to non-scalar type 'std::basic_string<wchar_t, std::char_traits<wchar_t>, std::allocator<wchar_t> >' requested
distcc[8968] ERROR: compile /b/build/slave/mac/build/src/webkit/glue/bookmarklet_unittest.cc on localhost failed
Distributed-CompileC ../xcodebuild/webkit.build/Debug/test_shell_tests.build/Objects-normal/i386/media_resource_loader_bridge_factory_unittest.o glue/media/media_resource_loader_bridge_factory_unittest.cc normal i386 c++ com.apple.compilers.gcc.4_2
    cd /b/build/slave/mac/build/src/webkit
    setenv DISTCC_COMPILER "gcc version 4.2.1 (Apple Inc. build 5659)"
    setenv DISTCC_HOSTS "--randomize distcc5.golo.chromium.org:3632,lzo,cpp/18 distcc9.golo.chromium.org:3632,lzo,cpp/18 distcc1.golo.chromium.org:3632,lzo,cpp/18 distcc2.golo.chromium.org:3632,lzo,cpp/18 distcc3.golo.chromium.org:3632,lzo,cpp/18 distcc6.golo.chromium.org:3632,lzo,cpp/18 distcc10.golo.chromium.org:3632,lzo,cpp/18 distcc7.golo.chromium.org:3632,lzo,cpp/18 distcc8.golo.chromium.org:3632,lzo,cpp/18 distcc4.golo.chromium.org:3632,lzo,cpp/18"
    setenv DISTCC_SYSTEM "10.6.4 (10F2025, i386)"
    setenv INCLUDE_SERVER_DIR /tmp/distcc-pump.f08mGR
    setenv INCLUDE_SERVER_PID 706
    setenv INCLUDE_SERVER_PORT /tmp/distcc-pump.f08mGR/socket
    setenv LANG en_US.US-ASCII
    setenv PATH "/usr/bin:/Developer/usr/bin:/usr/bin:/b/build/../depot_tools:/usr/bin:/bin:/usr/sbin:/sbin:/usr/local/bin"
    /Developer/usr/bin/distcc /Developer/usr/bin/gcc-4.2 -x c++ -arch i386 -fmessage-length=0 -pipe -Wno-trigraphs -fno-exceptions -fno-rtti -O0 -Werror -Wnewline-eof -DCHROMIUM_BUILD -DENABLE_REMOTING=1 -DENABLE_GPU=1 -DUNIT_TEST -DGTEST_HAS_RTTI=0 -D__STDC_FORMAT_MACROS -DDYNAMIC_ANNOTATIONS_ENABLED=1 -isysroot /Developer/SDKs/MacOSX10.5.sdk -fvisibility=hidden -fvisibility-inlines-hidden -fno-threadsafe-statics -mmacosx-version-min=10.5 -gdwarf-2 -Wall -Wendif-labels -Wextra -Wno-unused-parameter -Wno-missing-field-initializers -fpch-preprocess -F/b/build/slave/mac/build/src/webkit/../xcodebuild/Debug -F/Developer/SDKs/MacOSX10.5.sdk/System/Library/Frameworks/ApplicationServices.framework/Frameworks -I/b/build/slave/mac/build/src/webkit/../xcodebuild/Debug/include -I../gpu -I.. -I../third_party -I../third_party/npapi -I../third_party/npapi/bindings -I../skia/config -I../third_party/skia/include/config -I../third_party/skia/include/core -I../third_party/skia/include/effects -I../skia/ext -I../testing/gmock/include -I../testing/gtest/include -I/b/build/slave/mac/build/src/webkit/../xcodebuild/webkit.build/Debug/test_shell_tests.build/DerivedSources/i386 -I/b/build/slave/mac/build/src/webkit/../xcodebuild/webkit.build/Debug/test_shell_tests.build/DerivedSources -g1 -c /b/build/slave/mac/build/src/webkit/glue/media/media_resource_loader_bridge_factory_unittest.cc -o /b/build/slave/mac/build/src/webkit/../xcodebuild/webkit.build/Debug/test_shell_tests.build/Objects-normal/i386/media_resource_loader_bridge_factory_unittest.o

Distributed-CompileC ../xcodebuild/webkit.build/Debug/test_shell_tests.build/Objects-normal/i386/iframe_redirect_unittest.o glue/iframe_redirect_unittest.cc normal i386 c++ com.apple.compilers.gcc.4_2
    cd /b/build/slave/mac/build/src/webkit
    setenv DISTCC_COMPILER "gcc version 4.2.1 (Apple Inc. build 5659)"
    setenv DISTCC_HOSTS "--randomize distcc5.golo.chromium.org:3632,lzo,cpp/18 distcc9.golo.chromium.org:3632,lzo,cpp/18 distcc1.golo.chromium.org:3632,lzo,cpp/18 distcc2.golo.chromium.org:3632,lzo,cpp/18 distcc3.golo.chromium.org:3632,lzo,cpp/18 distcc6.golo.chromium.org:3632,lzo,cpp/18 distcc10.golo.chromium.org:3632,lzo,cpp/18 distcc7.golo.chromium.org:3632,lzo,cpp/18 distcc8.golo.chromium.org:3632,lzo,cpp/18 distcc4.golo.chromium.org:3632,lzo,cpp/18"
    setenv DISTCC_SYSTEM "10.6.4 (10F2025, i386)"
    setenv INCLUDE_SERVER_DIR /tmp/distcc-pump.f08mGR
    setenv INCLUDE_SERVER_PID 706
    setenv INCLUDE_SERVER_PORT /tmp/distcc-pump.f08mGR/socket
    setenv LANG en_US.US-ASCII
    setenv PATH "/usr/bin:/Developer/usr/bin:/usr/bin:/b/build/../depot_tools:/usr/bin:/bin:/usr/sbin:/sbin:/usr/local/bin"
    /Developer/usr/bin/distcc /Developer/usr/bin/gcc-4.2 -x c++ -arch i386 -fmessage-length=0 -pipe -Wno-trigraphs -fno-exceptions -fno-rtti -O0 -Werror -Wnewline-eof -DCHROMIUM_BUILD -DENABLE_REMOTING=1 -DENABLE_GPU=1 -DUNIT_TEST -DGTEST_HAS_RTTI=0 -D__STDC_FORMAT_MACROS -DDYNAMIC_ANNOTATIONS_ENABLED=1 -isysroot /Developer/SDKs/MacOSX10.5.sdk -fvisibility=hidden -fvisibility-inlines-hidden -fno-threadsafe-statics -mmacosx-version-min=10.5 -gdwarf-2 -Wall -Wendif-labels -Wextra -Wno-unused-parameter -Wno-missing-field-initializers -fpch-preprocess -F/b/build/slave/mac/build/src/webkit/../xcodebuild/Debug -F/Developer/SDKs/MacOSX10.5.sdk/System/Library/Frameworks/ApplicationServices.framework/Frameworks -I/b/build/slave/mac/build/src/webkit/../xcodebuild/Debug/include -I../gpu -I.. -I../third_party -I../third_party/npapi -I../third_party/npapi/bindings -I../skia/config -I../third_party/skia/include/config -I../third_party/skia/include/core -I../third_party/skia/include/effects -I../skia/ext -I../testing/gmock/include -I../testing/gtest/include -I/b/build/slave/mac/build/src/webkit/../xcodebuild/webkit.build/Debug/test_shell_tests.build/DerivedSources/i386 -I/b/build/slave/mac/build/src/webkit/../xcodebuild/webkit.build/Debug/test_shell_tests.build/DerivedSources -g1 -c /b/build/slave/mac/build/src/webkit/glue/iframe_redirect_unittest.cc -o /b/build/slave/mac/build/src/webkit/../xcodebuild/webkit.build/Debug/test_shell_tests.build/Objects-normal/i386/iframe_redirect_unittest.o

Distributed-CompileC ../xcodebuild/webkit.build/Debug/test_shell_tests.build/Objects-normal/i386/webkit_glue_unittest.o glue/webkit_glue_unittest.cc normal i386 c++ com.apple.compilers.gcc.4_2
    cd /b/build/slave/mac/build/src/webkit
    setenv DISTCC_COMPILER "gcc version 4.2.1 (Apple Inc. build 5659)"
    setenv DISTCC_HOSTS "--randomize distcc5.golo.chromium.org:3632,lzo,cpp/18 distcc9.golo.chromium.org:3632,lzo,cpp/18 distcc1.golo.chromium.org:3632,lzo,cpp/18 distcc2.golo.chromium.org:3632,lzo,cpp/18 distcc3.golo.chromium.org:3632,lzo,cpp/18 distcc6.golo.chromium.org:3632,lzo,cpp/18 distcc10.golo.chromium.org:3632,lzo,cpp/18 distcc7.golo.chromium.org:3632,lzo,cpp/18 distcc8.golo.chromium.org:3632,lzo,cpp/18 distcc4.golo.chromium.org:3632,lzo,cpp/18"
    setenv DISTCC_SYSTEM "10.6.4 (10F2025, i386)"
    setenv INCLUDE_SERVER_DIR /tmp/distcc-pump.f08mGR
    setenv INCLUDE_SERVER_PID 706
    setenv INCLUDE_SERVER_PORT /tmp/distcc-pump.f08mGR/socket
    setenv LANG en_US.US-ASCII
    setenv PATH "/usr/bin:/Developer/usr/bin:/usr/bin:/b/build/../depot_tools:/usr/bin:/bin:/usr/sbin:/sbin:/usr/local/bin"
    /Developer/usr/bin/distcc /Developer/usr/bin/gcc-4.2 -x c++ -arch i386 -fmessage-length=0 -pipe -Wno-trigraphs -fno-exceptions -fno-rtti -O0 -Werror -Wnewline-eof -DCHROMIUM_BUILD -DENABLE_REMOTING=1 -DENABLE_GPU=1 -DUNIT_TEST -DGTEST_HAS_RTTI=0 -D__STDC_FORMAT_MACROS -DDYNAMIC_ANNOTATIONS_ENABLED=1 -isysroot /Developer/SDKs/MacOSX10.5.sdk -fvisibility=hidden -fvisibility-inlines-hidden -fno-threadsafe-statics -mmacosx-version-min=10.5 -gdwarf-2 -Wall -Wendif-labels -Wextra -Wno-unused-parameter -Wno-missing-field-initializers -fpch-preprocess -F/b/build/slave/mac/build/src/webkit/../xcodebuild/Debug -F/Developer/SDKs/MacOSX10.5.sdk/System/Library/Frameworks/ApplicationServices.framework/Frameworks -I/b/build/slave/mac/build/src/webkit/../xcodebuild/Debug/include -I../gpu -I.. -I../third_party -I../third_party/npapi -I../third_party/npapi/bindings -I../skia/config -I../third_party/skia/include/config -I../third_party/skia/include/core -I../third_party/skia/include/effects -I../skia/ext -I../testing/gmock/include -I../testing/gtest/include -I/b/build/slave/mac/build/src/webkit/../xcodebuild/webkit.build/Debug/test_shell_tests.build/DerivedSources/i386 -I/b/build/slave/mac/build/src/webkit/../xcodebuild/webkit.build/Debug/test_shell_tests.build/DerivedSources -g1 -c /b/build/slave/mac/build/src/webkit/glue/webkit_glue_unittest.cc -o /b/build/slave/mac/build/src/webkit/../xcodebuild/webkit.build/Debug/test_shell_tests.build/Objects-normal/i386/webkit_glue_unittest.o

Distributed-CompileC ../xcodebuild/webkit.build/Debug/test_shell_tests.build/Objects-normal/i386/plugin_group_unittest.o glue/plugins/plugin_group_unittest.cc normal i386 c++ com.apple.compilers.gcc.4_2
    cd /b/build/slave/mac/build/src/webkit
    setenv DISTCC_COMPILER "gcc version 4.2.1 (Apple Inc. build 5659)"
    setenv DISTCC_HOSTS "--randomize distcc5.golo.chromium.org:3632,lzo,cpp/18 distcc9.golo.chromium.org:3632,lzo,cpp/18 distcc1.golo.chromium.org:3632,lzo,cpp/18 distcc2.golo.chromium.org:3632,lzo,cpp/18 distcc3.golo.chromium.org:3632,lzo,cpp/18 distcc6.golo.chromium.org:3632,lzo,cpp/18 distcc10.golo.chromium.org:3632,lzo,cpp/18 distcc7.golo.chromium.org:3632,lzo,cpp/18 distcc8.golo.chromium.org:3632,lzo,cpp/18 distcc4.golo.chromium.org:3632,lzo,cpp/18"
    setenv DISTCC_SYSTEM "10.6.4 (10F2025, i386)"
    setenv INCLUDE_SERVER_DIR /tmp/distcc-pump.f08mGR
    setenv INCLUDE_SERVER_PID 706
    setenv INCLUDE_SERVER_PORT /tmp/distcc-pump.f08mGR/socket
    setenv LANG en_US.US-ASCII
    setenv PATH "/usr/bin:/Developer/usr/bin:/usr/bin:/b/build/../depot_tools:/usr/bin:/bin:/usr/sbin:/sbin:/usr/local/bin"
    /Developer/usr/bin/distcc /Developer/usr/bin/gcc-4.2 -x c++ -arch i386 -fmessage-length=0 -pipe -Wno-trigraphs -fno-exceptions -fno-rtti -O0 -Werror -Wnewline-eof -DCHROMIUM_BUILD -DENABLE_REMOTING=1 -DENABLE_GPU=1 -DUNIT_TEST -DGTEST_HAS_RTTI=0 -D__STDC_FORMAT_MACROS -DDYNAMIC_ANNOTATIONS_ENABLED=1 -isysroot /Developer/SDKs/MacOSX10.5.sdk -fvisibility=hidden -fvisibility-inlines-hidden -fno-threadsafe-statics -mmacosx-version-min=10.5 -gdwarf-2 -Wall -Wendif-labels -Wextra -Wno-unused-parameter -Wno-missing-field-initializers -fpch-preprocess -F/b/build/slave/mac/build/src/webkit/../xcodebuild/Debug -F/Developer/SDKs/MacOSX10.5.sdk/System/Library/Frameworks/ApplicationServices.framework/Frameworks -I/b/build/slave/mac/build/src/webkit/../xcodebuild/Debug/include -I../gpu -I.. -I../third_party -I../third_party/npapi -I../third_party/npapi/bindings -I../skia/config -I../third_party/skia/include/config -I../third_party/skia/include/core -I../third_party/skia/include/effects -I../skia/ext -I../testing/gmock/include -I../testing/gtest/include -I/b/build/slave/mac/build/src/webkit/../xcodebuild/webkit.build/Debug/test_shell_tests.build/DerivedSources/i386 -I/b/build/slave/mac/build/src/webkit/../xcodebuild/webkit.build/Debug/test_shell_tests.build/DerivedSources -g1 -c /b/build/slave/mac/build/src/webkit/glue/plugins/plugin_group_unittest.cc -o /b/build/slave/mac/build/src/webkit/../xcodebuild/webkit.build/Debug/test_shell_tests.build/Objects-normal/i386/plugin_group_unittest.o

Distributed-CompileC ../xcodebuild/webkit.build/Debug/test_shell_tests.build/Objects-normal/i386/dom_operations_unittest.o glue/dom_operations_unittest.cc normal i386 c++ com.apple.compilers.gcc.4_2
    cd /b/build/slave/mac/build/src/webkit
    setenv DISTCC_COMPILER "gcc version 4.2.1 (Apple Inc. build 5659)"
    setenv DISTCC_HOSTS "--randomize distcc5.golo.chromium.org:3632,lzo,cpp/18 distcc9.golo.chromium.org:3632,lzo,cpp/18 distcc1.golo.chromium.org:3632,lzo,cpp/18 distcc2.golo.chromium.org:3632,lzo,cpp/18 distcc3.golo.chromium.org:3632,lzo,cpp/18 distcc6.golo.chromium.org:3632,lzo,cpp/18 distcc10.golo.chromium.org:3632,lzo,cpp/18 distcc7.golo.chromium.org:3632,lzo,cpp/18 distcc8.golo.chromium.org:3632,lzo,cpp/18 distcc4.golo.chromium.org:3632,lzo,cpp/18"
    setenv DISTCC_SYSTEM "10.6.4 (10F2025, i386)"
    setenv INCLUDE_SERVER_DIR /tmp/distcc-pump.f08mGR
    setenv INCLUDE_SERVER_PID 706
    setenv INCLUDE_SERVER_PORT /tmp/distcc-pump.f08mGR/socket
    setenv LANG en_US.US-ASCII
    setenv PATH "/usr/bin:/Developer/usr/bin:/usr/bin:/b/build/../depot_tools:/usr/bin:/bin:/usr/sbin:/sbin:/usr/local/bin"
    /Developer/usr/bin/distcc /Developer/usr/bin/gcc-4.2 -x c++ -arch i386 -fmessage-length=0 -pipe -Wno-trigraphs -fno-exceptions -fno-rtti -O0 -Werror -Wnewline-eof -DCHROMIUM_BUILD -DENABLE_REMOTING=1 -DENABLE_GPU=1 -DUNIT_TEST -DGTEST_HAS_RTTI=0 -D__STDC_FORMAT_MACROS -DDYNAMIC_ANNOTATIONS_ENABLED=1 -isysroot /Developer/SDKs/MacOSX10.5.sdk -fvisibility=hidden -fvisibility-inlines-hidden -fno-threadsafe-statics -mmacosx-version-min=10.5 -gdwarf-2 -Wall -Wendif-labels -Wextra -Wno-unused-parameter -Wno-missing-field-initializers -fpch-preprocess -F/b/build/slave/mac/build/src/webkit/../xcodebuild/Debug -F/Developer/SDKs/MacOSX10.5.sdk/System/Library/Frameworks/ApplicationServices.framework/Frameworks -I/b/build/slave/mac/build/src/webkit/../xcodebuild/Debug/include -I../gpu -I.. -I../third_party -I../third_party/npapi -I../third_party/npapi/bindings -I../skia/config -I../third_party/skia/include/config -I../third_party/skia/include/core -I../third_party/skia/include/effects -I../skia/ext -I../testing/gmock/include -I../testing/gtest/include -I/b/build/slave/mac/build/src/webkit/../xcodebuild/webkit.build/Debug/test_shell_tests.build/DerivedSources/i386 -I/b/build/slave/mac/build/src/webkit/../xcodebuild/webkit.build/Debug/test_shell_tests.build/DerivedSources -g1 -c /b/build/slave/mac/build/src/webkit/glue/dom_operations_unittest.cc -o /b/build/slave/mac/build/src/webkit/../xcodebuild/webkit.build/Debug/test_shell_tests.build/Objects-normal/i386/dom_operations_unittest.o

Distributed-CompileC ../xcodebuild/webkit.build/Debug/test_shell_tests.build/Objects-normal/i386/context_menu_unittest.o glue/context_menu_unittest.cc normal i386 c++ com.apple.compilers.gcc.4_2
    cd /b/build/slave/mac/build/src/webkit
    setenv DISTCC_COMPILER "gcc version 4.2.1 (Apple Inc. build 5659)"
    setenv DISTCC_HOSTS "--randomize distcc5.golo.chromium.org:3632,lzo,cpp/18 distcc9.golo.chromium.org:3632,lzo,cpp/18 distcc1.golo.chromium.org:3632,lzo,cpp/18 distcc2.golo.chromium.org:3632,lzo,cpp/18 distcc3.golo.chromium.org:3632,lzo,cpp/18 distcc6.golo.chromium.org:3632,lzo,cpp/18 distcc10.golo.chromium.org:3632,lzo,cpp/18 distcc7.golo.chromium.org:3632,lzo,cpp/18 distcc8.golo.chromium.org:3632,lzo,cpp/18 distcc4.golo.chromium.org:3632,lzo,cpp/18"
    setenv DISTCC_SYSTEM "10.6.4 (10F2025, i386)"
    setenv INCLUDE_SERVER_DIR /tmp/distcc-pump.f08mGR
    setenv INCLUDE_SERVER_PID 706
    setenv INCLUDE_SERVER_PORT /tmp/distcc-pump.f08mGR/socket
    setenv LANG en_US.US-ASCII
    setenv PATH "/usr/bin:/Developer/usr/bin:/usr/bin:/b/build/../depot_tools:/usr/bin:/bin:/usr/sbin:/sbin:/usr/local/bin"
    /Developer/usr/bin/distcc /Developer/usr/bin/gcc-4.2 -x c++ -arch i386 -fmessage-length=0 -pipe -Wno-trigraphs -fno-exceptions -fno-rtti -O0 -Werror -Wnewline-eof -DCHROMIUM_BUILD -DENABLE_REMOTING=1 -DENABLE_GPU=1 -DUNIT_TEST -DGTEST_HAS_RTTI=0 -D__STDC_FORMAT_MACROS -DDYNAMIC_ANNOTATIONS_ENABLED=1 -isysroot /Developer/SDKs/MacOSX10.5.sdk -fvisibility=hidden -fvisibility-inlines-hidden -fno-threadsafe-statics -mmacosx-version-min=10.5 -gdwarf-2 -Wall -Wendif-labels -Wextra -Wno-unused-parameter -Wno-missing-field-initializers -fpch-preprocess -F/b/build/slave/mac/build/src/webkit/../xcodebuild/Debug -F/Developer/SDKs/MacOSX10.5.sdk/System/Library/Frameworks/ApplicationServices.framework/Frameworks -I/b/build/slave/mac/build/src/webkit/../xcodebuild/Debug/include -I../gpu -I.. -I../third_party -I../third_party/npapi -I../third_party/npapi/bindings -I../skia/config -I../third_party/skia/include/config -I../third_party/skia/include/core -I../third_party/skia/include/effects -I../skia/ext -I../testing/gmock/include -I../testing/gtest/include -I/b/build/slave/mac/build/src/webkit/../xcodebuild/webkit.build/Debug/test_shell_tests.build/DerivedSources/i386 -I/b/build/slave/mac/build/src/webkit/../xcodebuild/webkit.build/Debug/test_shell_tests.build/DerivedSources -g1 -c /b/build/slave/mac/build/src/webkit/glue/context_menu_unittest.cc -o /b/build/slave/mac/build/src/webkit/../xcodebuild/webkit.build/Debug/test_shell_tests.build/Objects-normal/i386/context_menu_unittest.o

Distributed-CompileC ../xcodebuild/webkit.build/Debug/test_shell_tests.build/Objects-normal/i386/dom_serializer_unittest.o glue/dom_serializer_unittest.cc normal i386 c++ com.apple.compilers.gcc.4_2
    cd /b/build/slave/mac/build/src/webkit
    setenv DISTCC_COMPILER "gcc version 4.2.1 (Apple Inc. build 5659)"
    setenv DISTCC_HOSTS "--randomize distcc5.golo.chromium.org:3632,lzo,cpp/18 distcc9.golo.chromium.org:3632,lzo,cpp/18 distcc1.golo.chromium.org:3632,lzo,cpp/18 distcc2.golo.chromium.org:3632,lzo,cpp/18 distcc3.golo.chromium.org:3632,lzo,cpp/18 distcc6.golo.chromium.org:3632,lzo,cpp/18 distcc10.golo.chromium.org:3632,lzo,cpp/18 distcc7.golo.chromium.org:3632,lzo,cpp/18 distcc8.golo.chromium.org:3632,lzo,cpp/18 distcc4.golo.chromium.org:3632,lzo,cpp/18"
    setenv DISTCC_SYSTEM "10.6.4 (10F2025, i386)"
    setenv INCLUDE_SERVER_DIR /tmp/distcc-pump.f08mGR
    setenv INCLUDE_SERVER_PID 706
    setenv INCLUDE_SERVER_PORT /tmp/distcc-pump.f08mGR/socket
    setenv LANG en_US.US-ASCII
    setenv PATH "/usr/bin:/Developer/usr/bin:/usr/bin:/b/build/../depot_tools:/usr/bin:/bin:/usr/sbin:/sbin:/usr/local/bin"
    /Developer/usr/bin/distcc /Developer/usr/bin/gcc-4.2 -x c++ -arch i386 -fmessage-length=0 -pipe -Wno-trigraphs -fno-exceptions -fno-rtti -O0 -Werror -Wnewline-eof -DCHROMIUM_BUILD -DENABLE_REMOTING=1 -DENABLE_GPU=1 -DUNIT_TEST -DGTEST_HAS_RTTI=0 -D__STDC_FORMAT_MACROS -DDYNAMIC_ANNOTATIONS_ENABLED=1 -isysroot /Developer/SDKs/MacOSX10.5.sdk -fvisibility=hidden -fvisibility-inlines-hidden -fno-threadsafe-statics -mmacosx-version-min=10.5 -gdwarf-2 -Wall -Wendif-labels -Wextra -Wno-unused-parameter -Wno-missing-field-initializers -fpch-preprocess -F/b/build/slave/mac/build/src/webkit/../xcodebuild/Debug -F/Developer/SDKs/MacOSX10.5.sdk/System/Library/Frameworks/ApplicationServices.framework/Frameworks -I/b/build/slave/mac/build/src/webkit/../xcodebuild/Debug/include -I../gpu -I.. -I../third_party -I../third_party/npapi -I../third_party/npapi/bindings -I../skia/config -I../third_party/skia/include/config -I../third_party/skia/include/core -I../third_party/skia/include/effects -I../skia/ext -I../testing/gmock/include -I../testing/gtest/include -I/b/build/slave/mac/build/src/webkit/../xcodebuild/webkit.build/Debug/test_shell_tests.build/DerivedSources/i386 -I/b/build/slave/mac/build/src/webkit/../xcodebuild/webkit.build/Debug/test_shell_tests.build/DerivedSources -g1 -c /b/build/slave/mac/build/src/webkit/glue/dom_serializer_unittest.cc -o /b/build/slave/mac/build/src/webkit/../xcodebuild/webkit.build/Debug/test_shell_tests.build/Objects-normal/i386/dom_serializer_unittest.o

Distributed-CompileC ../xcodebuild/webkit.build/Debug/test_shell_tests.build/Objects-normal/i386/webcursor_unittest.o glue/webcursor_unittest.cc normal i386 c++ com.apple.compilers.gcc.4_2
    cd /b/build/slave/mac/build/src/webkit
    setenv DISTCC_COMPILER "gcc version 4.2.1 (Apple Inc. build 5659)"
    setenv DISTCC_HOSTS "--randomize distcc5.golo.chromium.org:3632,lzo,cpp/18 distcc9.golo.chromium.org:3632,lzo,cpp/18 distcc1.golo.chromium.org:3632,lzo,cpp/18 distcc2.golo.chromium.org:3632,lzo,cpp/18 distcc3.golo.chromium.org:3632,lzo,cpp/18 distcc6.golo.chromium.org:3632,lzo,cpp/18 distcc10.golo.chromium.org:3632,lzo,cpp/18 distcc7.golo.chromium.org:3632,lzo,cpp/18 distcc8.golo.chromium.org:3632,lzo,cpp/18 distcc4.golo.chromium.org:3632,lzo,cpp/18"
    setenv DISTCC_SYSTEM "10.6.4 (10F2025, i386)"
    setenv INCLUDE_SERVER_DIR /tmp/distcc-pump.f08mGR
    setenv INCLUDE_SERVER_PID 706
    setenv INCLUDE_SERVER_PORT /tmp/distcc-pump.f08mGR/socket
    setenv LANG en_US.US-ASCII
    setenv PATH "/usr/bin:/Developer/usr/bin:/usr/bin:/b/build/../depot_tools:/usr/bin:/bin:/usr/sbin:/sbin:/usr/local/bin"
    /Developer/usr/bin/distcc /Developer/usr/bin/gcc-4.2 -x c++ -arch i386 -fmessage-length=0 -pipe -Wno-trigraphs -fno-exceptions -fno-rtti -O0 -Werror -Wnewline-eof -DCHROMIUM_BUILD -DENABLE_REMOTING=1 -DENABLE_GPU=1 -DUNIT_TEST -DGTEST_HAS_RTTI=0 -D__STDC_FORMAT_MACROS -DDYNAMIC_ANNOTATIONS_ENABLED=1 -isysroot /Developer/SDKs/MacOSX10.5.sdk -fvisibility=hidden -fvisibility-inlines-hidden -fno-threadsafe-statics -mmacosx-version-min=10.5 -gdwarf-2 -Wall -Wendif-labels -Wextra -Wno-unused-parameter -Wno-missing-field-initializers -fpch-preprocess -F/b/build/slave/mac/build/src/webkit/../xcodebuild/Debug -F/Developer/SDKs/MacOSX10.5.sdk/System/Library/Frameworks/ApplicationServices.framework/Frameworks -I/b/build/slave/mac/build/src/webkit/../xcodebuild/Debug/include -I../gpu -I.. -I../third_party -I../third_party/npapi -I../third_party/npapi/bindings -I../skia/config -I../third_party/skia/include/config -I../third_party/skia/include/core -I../third_party/skia/include/effects -I../skia/ext -I../testing/gmock/include -I../testing/gtest/include -I/b/build/slave/mac/build/src/webkit/../xcodebuild/webkit.build/Debug/test_shell_tests.build/DerivedSources/i386 -I/b/build/slave/mac/build/src/webkit/../xcodebuild/webkit.build/Debug/test_shell_tests.build/DerivedSources -g1 -c /b/build/slave/mac/build/src/webkit/glue/webcursor_unittest.cc -o /b/build/slave/mac/build/src/webkit/../xcodebuild/webkit.build/Debug/test_shell_tests.build/Objects-normal/i386/webcursor_unittest.o

Distributed-CompileC ../xcodebuild/webkit.build/Debug/test_shell_tests.build/Objects-normal/i386/webview_unittest.o glue/webview_unittest.cc normal i386 c++ com.apple.compilers.gcc.4_2
    cd /b/build/slave/mac/build/src/webkit
    setenv DISTCC_COMPILER "gcc version 4.2.1 (Apple Inc. build 5659)"
    setenv DISTCC_HOSTS "--randomize distcc5.golo.chromium.org:3632,lzo,cpp/18 distcc9.golo.chromium.org:3632,lzo,cpp/18 distcc1.golo.chromium.org:3632,lzo,cpp/18 distcc2.golo.chromium.org:3632,lzo,cpp/18 distcc3.golo.chromium.org:3632,lzo,cpp/18 distcc6.golo.chromium.org:3632,lzo,cpp/18 distcc10.golo.chromium.org:3632,lzo,cpp/18 distcc7.golo.chromium.org:3632,lzo,cpp/18 distcc8.golo.chromium.org:3632,lzo,cpp/18 distcc4.golo.chromium.org:3632,lzo,cpp/18"
    setenv DISTCC_SYSTEM "10.6.4 (10F2025, i386)"
    setenv INCLUDE_SERVER_DIR /tmp/distcc-pump.f08mGR
    setenv INCLUDE_SERVER_PID 706
    setenv INCLUDE_SERVER_PORT /tmp/distcc-pump.f08mGR/socket
    setenv LANG en_US.US-ASCII
    setenv PATH "/usr/bin:/Developer/usr/bin:/usr/bin:/b/build/../depot_tools:/usr/bin:/bin:/usr/sbin:/sbin:/usr/local/bin"
    /Developer/usr/bin/distcc /Developer/usr/bin/gcc-4.2 -x c++ -arch i386 -fmessage-length=0 -pipe -Wno-trigraphs -fno-exceptions -fno-rtti -O0 -Werror -Wnewline-eof -DCHROMIUM_BUILD -DENABLE_REMOTING=1 -DENABLE_GPU=1 -DUNIT_TEST -DGTEST_HAS_RTTI=0 -D__STDC_FORMAT_MACROS -DDYNAMIC_ANNOTATIONS_ENABLED=1 -isysroot /Developer/SDKs/MacOSX10.5.sdk -fvisibility=hidden -fvisibility-inlines-hidden -fno-threadsafe-statics -mmacosx-version-min=10.5 -gdwarf-2 -Wall -Wendif-labels -Wextra -Wno-unused-parameter -Wno-missing-field-initializers -fpch-preprocess -F/b/build/slave/mac/build/src/webkit/../xcodebuild/Debug -F/Developer/SDKs/MacOSX10.5.sdk/System/Library/Frameworks/ApplicationServices.framework/Frameworks -I/b/build/slave/mac/build/src/webkit/../xcodebuild/Debug/include -I../gpu -I.. -I../third_party -I../third_party/npapi -I../third_party/npapi/bindings -I../skia/config -I../third_party/skia/include/config -I../third_party/skia/include/core -I../third_party/skia/include/effects -I../skia/ext -I../testing/gmock/include -I../testing/gtest/include -I/b/build/slave/mac/build/src/webkit/../xcodebuild/webkit.build/Debug/test_shell_tests.build/DerivedSources/i386 -I/b/build/slave/mac/build/src/webkit/../xcodebuild/webkit.build/Debug/test_shell_tests.build/DerivedSources -g1 -c /b/build/slave/mac/build/src/webkit/glue/webview_unittest.cc -o /b/build/slave/mac/build/src/webkit/../xcodebuild/webkit.build/Debug/test_shell_tests.build/Objects-normal/i386/webview_unittest.o

Distributed-CompileC ../xcodebuild/webkit.build/Debug/test_shell_tests.build/Objects-normal/i386/resource_fetcher_unittest.o glue/resource_fetcher_unittest.cc normal i386 c++ com.apple.compilers.gcc.4_2
    cd /b/build/slave/mac/build/src/webkit
    setenv DISTCC_COMPILER "gcc version 4.2.1 (Apple Inc. build 5659)"
    setenv DISTCC_HOSTS "--randomize distcc5.golo.chromium.org:3632,lzo,cpp/18 distcc9.golo.chromium.org:3632,lzo,cpp/18 distcc1.golo.chromium.org:3632,lzo,cpp/18 distcc2.golo.chromium.org:3632,lzo,cpp/18 distcc3.golo.chromium.org:3632,lzo,cpp/18 distcc6.golo.chromium.org:3632,lzo,cpp/18 distcc10.golo.chromium.org:3632,lzo,cpp/18 distcc7.golo.chromium.org:3632,lzo,cpp/18 distcc8.golo.chromium.org:3632,lzo,cpp/18 distcc4.golo.chromium.org:3632,lzo,cpp/18"
    setenv DISTCC_SYSTEM "10.6.4 (10F2025, i386)"
    setenv INCLUDE_SERVER_DIR /tmp/distcc-pump.f08mGR
    setenv INCLUDE_SERVER_PID 706
    setenv INCLUDE_SERVER_PORT /tmp/distcc-pump.f08mGR/socket
    setenv LANG en_US.US-ASCII
    setenv PATH "/usr/bin:/Developer/usr/bin:/usr/bin:/b/build/../depot_tools:/usr/bin:/bin:/usr/sbin:/sbin:/usr/local/bin"
    /Developer/usr/bin/distcc /Developer/usr/bin/gcc-4.2 -x c++ -arch i386 -fmessage-length=0 -pipe -Wno-trigraphs -fno-exceptions -fno-rtti -O0 -Werror -Wnewline-eof -DCHROMIUM_BUILD -DENABLE_REMOTING=1 -DENABLE_GPU=1 -DUNIT_TEST -DGTEST_HAS_RTTI=0 -D__STDC_FORMAT_MACROS -DDYNAMIC_ANNOTATIONS_ENABLED=1 -isysroot /Developer/SDKs/MacOSX10.5.sdk -fvisibility=hidden -fvisibility-inlines-hidden -fno-threadsafe-statics -mmacosx-version-min=10.5 -gdwarf-2 -Wall -Wendif-labels -Wextra -Wno-unused-parameter -Wno-missing-field-initializers -fpch-preprocess -F/b/build/slave/mac/build/src/webkit/../xcodebuild/Debug -F/Developer/SDKs/MacOSX10.5.sdk/System/Library/Frameworks/ApplicationServices.framework/Frameworks -I/b/build/slave/mac/build/src/webkit/../xcodebuild/Debug/include -I../gpu -I.. -I../third_party -I../third_party/npapi -I../third_party/npapi/bindings -I../skia/config -I../third_party/skia/include/config -I../third_party/skia/include/core -I../third_party/skia/include/effects -I../skia/ext -I../testing/gmock/include -I../testing/gtest/include -I/b/build/slave/mac/build/src/webkit/../xcodebuild/webkit.build/Debug/test_shell_tests.build/DerivedSources/i386 -I/b/build/slave/mac/build/src/webkit/../xcodebuild/webkit.build/Debug/test_shell_tests.build/DerivedSources -g1 -c /b/build/slave/mac/build/src/webkit/glue/resource_fetcher_unittest.cc -o /b/build/slave/mac/build/src/webkit/../xcodebuild/webkit.build/Debug/test_shell_tests.build/Objects-normal/i386/resource_fetcher_unittest.o

Distributed-CompileC ../xcodebuild/webkit.build/Debug/test_shell_tests.build/Objects-normal/i386/webframe_unittest.o glue/webframe_unittest.cc normal i386 c++ com.apple.compilers.gcc.4_2
    cd /b/build/slave/mac/build/src/webkit
    setenv DISTCC_COMPILER "gcc version 4.2.1 (Apple Inc. build 5659)"
    setenv DISTCC_HOSTS "--randomize distcc5.golo.chromium.org:3632,lzo,cpp/18 distcc9.golo.chromium.org:3632,lzo,cpp/18 distcc1.golo.chromium.org:3632,lzo,cpp/18 distcc2.golo.chromium.org:3632,lzo,cpp/18 distcc3.golo.chromium.org:3632,lzo,cpp/18 distcc6.golo.chromium.org:3632,lzo,cpp/18 distcc10.golo.chromium.org:3632,lzo,cpp/18 distcc7.golo.chromium.org:3632,lzo,cpp/18 distcc8.golo.chromium.org:3632,lzo,cpp/18 distcc4.golo.chromium.org:3632,lzo,cpp/18"
    setenv DISTCC_SYSTEM "10.6.4 (10F2025, i386)"
    setenv INCLUDE_SERVER_DIR /tmp/distcc-pump.f08mGR
    setenv INCLUDE_SERVER_PID 706
    setenv INCLUDE_SERVER_PORT /tmp/distcc-pump.f08mGR/socket
    setenv LANG en_US.US-ASCII
    setenv PATH "/usr/bin:/Developer/usr/bin:/usr/bin:/b/build/../depot_tools:/usr/bin:/bin:/usr/sbin:/sbin:/usr/local/bin"
    /Developer/usr/bin/distcc /Developer/usr/bin/gcc-4.2 -x c++ -arch i386 -fmessage-length=0 -pipe -Wno-trigraphs -fno-exceptions -fno-rtti -O0 -Werror -Wnewline-eof -DCHROMIUM_BUILD -DENABLE_REMOTING=1 -DENABLE_GPU=1 -DUNIT_TEST -DGTEST_HAS_RTTI=0 -D__STDC_FORMAT_MACROS -DDYNAMIC_ANNOTATIONS_ENABLED=1 -isysroot /Developer/SDKs/MacOSX10.5.sdk -fvisibility=hidden -fvisibility-inlines-hidden -fno-threadsafe-statics -mmacosx-version-min=10.5 -gdwarf-2 -Wall -Wendif-labels -Wextra -Wno-unused-parameter -Wno-missing-field-initializers -fpch-preprocess -F/b/build/slave/mac/build/src/webkit/../xcodebuild/Debug -F/Developer/SDKs/MacOSX10.5.sdk/System/Library/Frameworks/ApplicationServices.framework/Frameworks -I/b/build/slave/mac/build/src/webkit/../xcodebuild/Debug/include -I../gpu -I.. -I../third_party -I../third_party/npapi -I../third_party/npapi/bindings -I../skia/config -I../third_party/skia/include/config -I../third_party/skia/include/core -I../third_party/skia/include/effects -I../skia/ext -I../testing/gmock/include -I../testing/gtest/include -I/b/build/slave/mac/build/src/webkit/../xcodebuild/webkit.build/Debug/test_shell_tests.build/DerivedSources/i386 -I/b/build/slave/mac/build/src/webkit/../xcodebuild/webkit.build/Debug/test_shell_tests.build/DerivedSources -g1 -c /b/build/slave/mac/build/src/webkit/glue/webframe_unittest.cc -o /b/build/slave/mac/build/src/webkit/../xcodebuild/webkit.build/Debug/test_shell_tests.build/Objects-normal/i386/webframe_unittest.o

Distributed-CompileC ../xcodebuild/webkit.build/Debug/test_shell_tests.build/Objects-normal/i386/media_leak_test.o tools/test_shell/media_leak_test.cc normal i386 c++ com.apple.compilers.gcc.4_2
    cd /b/build/slave/mac/build/src/webkit
    setenv DISTCC_COMPILER "gcc version 4.2.1 (Apple Inc. build 5659)"
    setenv DISTCC_HOSTS "--randomize distcc5.golo.chromium.org:3632,lzo,cpp/18 distcc9.golo.chromium.org:3632,lzo,cpp/18 distcc1.golo.chromium.org:3632,lzo,cpp/18 distcc2.golo.chromium.org:3632,lzo,cpp/18 distcc3.golo.chromium.org:3632,lzo,cpp/18 distcc6.golo.chromium.org:3632,lzo,cpp/18 distcc10.golo.chromium.org:3632,lzo,cpp/18 distcc7.golo.chromium.org:3632,lzo,cpp/18 distcc8.golo.chromium.org:3632,lzo,cpp/18 distcc4.golo.chromium.org:3632,lzo,cpp/18"
    setenv DISTCC_SYSTEM "10.6.4 (10F2025, i386)"
    setenv INCLUDE_SERVER_DIR /tmp/distcc-pump.f08mGR
    setenv INCLUDE_SERVER_PID 706
    setenv INCLUDE_SERVER_PORT /tmp/distcc-pump.f08mGR/socket
    setenv LANG en_US.US-ASCII
    setenv PATH "/usr/bin:/Developer/usr/bin:/usr/bin:/b/build/../depot_tools:/usr/bin:/bin:/usr/sbin:/sbin:/usr/local/bin"
    /Developer/usr/bin/distcc /Developer/usr/bin/gcc-4.2 -x c++ -arch i386 -fmessage-length=0 -pipe -Wno-trigraphs -fno-exceptions -fno-rtti -O0 -Werror -Wnewline-eof -DCHROMIUM_BUILD -DENABLE_REMOTING=1 -DENABLE_GPU=1 -DUNIT_TEST -DGTEST_HAS_RTTI=0 -D__STDC_FORMAT_MACROS -DDYNAMIC_ANNOTATIONS_ENABLED=1 -isysroot /Developer/SDKs/MacOSX10.5.sdk -fvisibility=hidden -fvisibility-inlines-hidden -fno-threadsafe-statics -mmacosx-version-min=10.5 -gdwarf-2 -Wall -Wendif-labels -Wextra -Wno-unused-parameter -Wno-missing-field-initializers -fpch-preprocess -F/b/build/slave/mac/build/src/webkit/../xcodebuild/Debug -F/Developer/SDKs/MacOSX10.5.sdk/System/Library/Frameworks/ApplicationServices.framework/Frameworks -I/b/build/slave/mac/build/src/webkit/../xcodebuild/Debug/include -I../gpu -I.. -I../third_party -I../third_party/npapi -I../third_party/npapi/bindings -I../skia/config -I../third_party/skia/include/config -I../third_party/skia/include/core -I../third_party/skia/include/effects -I../skia/ext -I../testing/gmock/include -I../testing/gtest/include -I/b/build/slave/mac/build/src/webkit/../xcodebuild/webkit.build/Debug/test_shell_tests.build/DerivedSources/i386 -I/b/build/slave/mac/build/src/webkit/../xcodebuild/webkit.build/Debug/test_shell_tests.build/DerivedSources -g1 -c /b/build/slave/mac/build/src/webkit/tools/test_shell/media_leak_test.cc -o /b/build/slave/mac/build/src/webkit/../xcodebuild/webkit.build/Debug/test_shell_tests.build/Objects-normal/i386/media_leak_test.o

Distributed-CompileC ../xcodebuild/webkit.build/Debug/test_shell_tests.build/Objects-normal/i386/listener_leak_test.o tools/test_shell/listener_leak_test.cc normal i386 c++ com.apple.compilers.gcc.4_2
    cd /b/build/slave/mac/build/src/webkit
    setenv DISTCC_COMPILER "gcc version 4.2.1 (Apple Inc. build 5659)"
    setenv DISTCC_HOSTS "--randomize distcc5.golo.chromium.org:3632,lzo,cpp/18 distcc9.golo.chromium.org:3632,lzo,cpp/18 distcc1.golo.chromium.org:3632,lzo,cpp/18 distcc2.golo.chromium.org:3632,lzo,cpp/18 distcc3.golo.chromium.org:3632,lzo,cpp/18 distcc6.golo.chromium.org:3632,lzo,cpp/18 distcc10.golo.chromium.org:3632,lzo,cpp/18 distcc7.golo.chromium.org:3632,lzo,cpp/18 distcc8.golo.chromium.org:3632,lzo,cpp/18 distcc4.golo.chromium.org:3632,lzo,cpp/18"
    setenv DISTCC_SYSTEM "10.6.4 (10F2025, i386)"
    setenv INCLUDE_SERVER_DIR /tmp/distcc-pump.f08mGR
    setenv INCLUDE_SERVER_PID 706
    setenv INCLUDE_SERVER_PORT /tmp/distcc-pump.f08mGR/socket
    setenv LANG en_US.US-ASCII
    setenv PATH "/usr/bin:/Developer/usr/bin:/usr/bin:/b/build/../depot_tools:/usr/bin:/bin:/usr/sbin:/sbin:/usr/local/bin"
    /Developer/usr/bin/distcc /Developer/usr/bin/gcc-4.2 -x c++ -arch i386 -fmessage-length=0 -pipe -Wno-trigraphs -fno-exceptions -fno-rtti -O0 -Werror -Wnewline-eof -DCHROMIUM_BUILD -DENABLE_REMOTING=1 -DENABLE_GPU=1 -DUNIT_TEST -DGTEST_HAS_RTTI=0 -D__STDC_FORMAT_MACROS -DDYNAMIC_ANNOTATIONS_ENABLED=1 -isysroot /Developer/SDKs/MacOSX10.5.sdk -fvisibility=hidden -fvisibility-inlines-hidden -fno-threadsafe-statics -mmacosx-version-min=10.5 -gdwarf-2 -Wall -Wendif-labels -Wextra -Wno-unused-parameter -Wno-missing-field-initializers -fpch-preprocess -F/b/build/slave/mac/build/src/webkit/../xcodebuild/Debug -F/Developer/SDKs/MacOSX10.5.sdk/System/Library/Frameworks/ApplicationServices.framework/Frameworks -I/b/build/slave/mac/build/src/webkit/../xcodebuild/Debug/include -I../gpu -I.. -I../third_party -I../third_party/npapi -I../third_party/npapi/bindings -I../skia/config -I../third_party/skia/include/config -I../third_party/skia/include/core -I../third_party/skia/include/effects -I../skia/ext -I../testing/gmock/include -I../testing/gtest/include -I/b/build/slave/mac/build/src/webkit/../xcodebuild/webkit.build/Debug/test_shell_tests.build/DerivedSources/i386 -I/b/build/slave/mac/build/src/webkit/../xcodebuild/webkit.build/Debug/test_shell_tests.build/DerivedSources -g1 -c /b/build/slave/mac/build/src/webkit/tools/test_shell/listener_leak_test.cc -o /b/build/slave/mac/build/src/webkit/../xcodebuild/webkit.build/Debug/test_shell_tests.build/Objects-normal/i386/listener_leak_test.o

Distributed-CompileC ../xcodebuild/webkit.build/Debug/test_shell_tests.build/Objects-normal/i386/event_listener_unittest.o tools/test_shell/event_listener_unittest.cc normal i386 c++ com.apple.compilers.gcc.4_2
    cd /b/build/slave/mac/build/src/webkit
    setenv DISTCC_COMPILER "gcc version 4.2.1 (Apple Inc. build 5659)"
    setenv DISTCC_HOSTS "--randomize distcc5.golo.chromium.org:3632,lzo,cpp/18 distcc9.golo.chromium.org:3632,lzo,cpp/18 distcc1.golo.chromium.org:3632,lzo,cpp/18 distcc2.golo.chromium.org:3632,lzo,cpp/18 distcc3.golo.chromium.org:3632,lzo,cpp/18 distcc6.golo.chromium.org:3632,lzo,cpp/18 distcc10.golo.chromium.org:3632,lzo,cpp/18 distcc7.golo.chromium.org:3632,lzo,cpp/18 distcc8.golo.chromium.org:3632,lzo,cpp/18 distcc4.golo.chromium.org:3632,lzo,cpp/18"
    setenv DISTCC_SYSTEM "10.6.4 (10F2025, i386)"
    setenv INCLUDE_SERVER_DIR /tmp/distcc-pump.f08mGR
    setenv INCLUDE_SERVER_PID 706
    setenv INCLUDE_SERVER_PORT /tmp/distcc-pump.f08mGR/socket
    setenv LANG en_US.US-ASCII
    setenv PATH "/usr/bin:/Developer/usr/bin:/usr/bin:/b/build/../depot_tools:/usr/bin:/bin:/usr/sbin:/sbin:/usr/local/bin"
    /Developer/usr/bin/distcc /Developer/usr/bin/gcc-4.2 -x c++ -arch i386 -fmessage-length=0 -pipe -Wno-trigraphs -fno-exceptions -fno-rtti -O0 -Werror -Wnewline-eof -DCHROMIUM_BUILD -DENABLE_REMOTING=1 -DENABLE_GPU=1 -DUNIT_TEST -DGTEST_HAS_RTTI=0 -D__STDC_FORMAT_MACROS -DDYNAMIC_ANNOTATIONS_ENABLED=1 -isysroot /Developer/SDKs/MacOSX10.5.sdk -fvisibility=hidden -fvisibility-inlines-hidden -fno-threadsafe-statics -mmacosx-version-min=10.5 -gdwarf-2 -Wall -Wendif-labels -Wextra -Wno-unused-parameter -Wno-missing-field-initializers -fpch-preprocess -F/b/build/slave/mac/build/src/webkit/../xcodebuild/Debug -F/Developer/SDKs/MacOSX10.5.sdk/System/Library/Frameworks/ApplicationServices.framework/Frameworks -I/b/build/slave/mac/build/src/webkit/../xcodebuild/Debug/include -I../gpu -I.. -I../third_party -I../third_party/npapi -I../third_party/npapi/bindings -I../skia/config -I../third_party/skia/include/config -I../third_party/skia/include/core -I../third_party/skia/include/effects -I../skia/ext -I../testing/gmock/include -I../testing/gtest/include -I/b/build/slave/mac/build/src/webkit/../xcodebuild/webkit.build/Debug/test_shell_tests.build/DerivedSources/i386 -I/b/build/slave/mac/build/src/webkit/../xcodebuild/webkit.build/Debug/test_shell_tests.build/DerivedSources -g1 -c /b/build/slave/mac/build/src/webkit/tools/test_shell/event_listener_unittest.cc -o /b/build/slave/mac/build/src/webkit/../xcodebuild/webkit.build/Debug/test_shell_tests.build/Objects-normal/i386/event_listener_unittest.o

Distributed-CompileC ../xcodebuild/webkit.build/Debug/test_shell_tests.build/Objects-normal/i386/node_leak_test.o tools/test_shell/node_leak_test.cc normal i386 c++ com.apple.compilers.gcc.4_2
    cd /b/build/slave/mac/build/src/webkit
    setenv DISTCC_COMPILER "gcc version 4.2.1 (Apple Inc. build 5659)"
    setenv DISTCC_HOSTS "--randomize distcc5.golo.chromium.org:3632,lzo,cpp/18 distcc9.golo.chromium.org:3632,lzo,cpp/18 distcc1.golo.chromium.org:3632,lzo,cpp/18 distcc2.golo.chromium.org:3632,lzo,cpp/18 distcc3.golo.chromium.org:3632,lzo,cpp/18 distcc6.golo.chromium.org:3632,lzo,cpp/18 distcc10.golo.chromium.org:3632,lzo,cpp/18 distcc7.golo.chromium.org:3632,lzo,cpp/18 distcc8.golo.chromium.org:3632,lzo,cpp/18 distcc4.golo.chromium.org:3632,lzo,cpp/18"
    setenv DISTCC_SYSTEM "10.6.4 (10F2025, i386)"
    setenv INCLUDE_SERVER_DIR /tmp/distcc-pump.f08mGR
    setenv INCLUDE_SERVER_PID 706
    setenv INCLUDE_SERVER_PORT /tmp/distcc-pump.f08mGR/socket
    setenv LANG en_US.US-ASCII
    setenv PATH "/usr/bin:/Developer/usr/bin:/usr/bin:/b/build/../depot_tools:/usr/bin:/bin:/usr/sbin:/sbin:/usr/local/bin"
    /Developer/usr/bin/distcc /Developer/usr/bin/gcc-4.2 -x c++ -arch i386 -fmessage-length=0 -pipe -Wno-trigraphs -fno-exceptions -fno-rtti -O0 -Werror -Wnewline-eof -DCHROMIUM_BUILD -DENABLE_REMOTING=1 -DENABLE_GPU=1 -DUNIT_TEST -DGTEST_HAS_RTTI=0 -D__STDC_FORMAT_MACROS -DDYNAMIC_ANNOTATIONS_ENABLED=1 -isysroot /Developer/SDKs/MacOSX10.5.sdk -fvisibility=hidden -fvisibility-inlines-hidden -fno-threadsafe-statics -mmacosx-version-min=10.5 -gdwarf-2 -Wall -Wendif-labels -Wextra -Wno-unused-parameter -Wno-missing-field-initializers -fpch-preprocess -F/b/build/slave/mac/build/src/webkit/../xcodebuild/Debug -F/Developer/SDKs/MacOSX10.5.sdk/System/Library/Frameworks/ApplicationServices.framework/Frameworks -I/b/build/slave/mac/build/src/webkit/../xcodebuild/Debug/include -I../gpu -I.. -I../third_party -I../third_party/npapi -I../third_party/npapi/bindings -I../skia/config -I../third_party/skia/include/config -I../third_party/skia/include/core -I../third_party/skia/include/effects -I../skia/ext -I../testing/gmock/include -I../testing/gtest/include -I/b/build/slave/mac/build/src/webkit/../xcodebuild/webkit.build/Debug/test_shell_tests.build/DerivedSources/i386 -I/b/build/slave/mac/build/src/webkit/../xcodebuild/webkit.build/Debug/test_shell_tests.build/DerivedSources -g1 -c /b/build/slave/mac/build/src/webkit/tools/test_shell/node_leak_test.cc -o /b/build/slave/mac/build/src/webkit/../xcodebuild/webkit.build/Debug/test_shell_tests.build/Objects-normal/i386/node_leak_test.o

Distributed-CompileC ../xcodebuild/webkit.build/Debug/test_shell_tests.build/Objects-normal/i386/test_shell_test.o tools/test_shell/test_shell_test.cc normal i386 c++ com.apple.compilers.gcc.4_2
    cd /b/build/slave/mac/build/src/webkit
    setenv DISTCC_COMPILER "gcc version 4.2.1 (Apple Inc. build 5659)"
    setenv DISTCC_HOSTS "--randomize distcc5.golo.chromium.org:3632,lzo,cpp/18 distcc9.golo.chromium.org:3632,lzo,cpp/18 distcc1.golo.chromium.org:3632,lzo,cpp/18 distcc2.golo.chromium.org:3632,lzo,cpp/18 distcc3.golo.chromium.org:3632,lzo,cpp/18 distcc6.golo.chromium.org:3632,lzo,cpp/18 distcc10.golo.chromium.org:3632,lzo,cpp/18 distcc7.golo.chromium.org:3632,lzo,cpp/18 distcc8.golo.chromium.org:3632,lzo,cpp/18 distcc4.golo.chromium.org:3632,lzo,cpp/18"
    setenv DISTCC_SYSTEM "10.6.4 (10F2025, i386)"
    setenv INCLUDE_SERVER_DIR /tmp/distcc-pump.f08mGR
    setenv INCLUDE_SERVER_PID 706
    setenv INCLUDE_SERVER_PORT /tmp/distcc-pump.f08mGR/socket
    setenv LANG en_US.US-ASCII
    setenv PATH "/usr/bin:/Developer/usr/bin:/usr/bin:/b/build/../depot_tools:/usr/bin:/bin:/usr/sbin:/sbin:/usr/local/bin"
    /Developer/usr/bin/distcc /Developer/usr/bin/gcc-4.2 -x c++ -arch i386 -fmessage-length=0 -pipe -Wno-trigraphs -fno-exceptions -fno-rtti -O0 -Werror -Wnewline-eof -DCHROMIUM_BUILD -DENABLE_REMOTING=1 -DENABLE_GPU=1 -DUNIT_TEST -DGTEST_HAS_RTTI=0 -D__STDC_FORMAT_MACROS -DDYNAMIC_ANNOTATIONS_ENABLED=1 -isysroot /Developer/SDKs/MacOSX10.5.sdk -fvisibility=hidden -fvisibility-inlines-hidden -fno-threadsafe-statics -mmacosx-version-min=10.5 -gdwarf-2 -Wall -Wendif-labels -Wextra -Wno-unused-parameter -Wno-missing-field-initializers -fpch-preprocess -F/b/build/slave/mac/build/src/webkit/../xcodebuild/Debug -F/Developer/SDKs/MacOSX10.5.sdk/System/Library/Frameworks/ApplicationServices.framework/Frameworks -I/b/build/slave/mac/build/src/webkit/../xcodebuild/Debug/include -I../gpu -I.. -I../third_party -I../third_party/npapi -I../third_party/npapi/bindings -I../skia/config -I../third_party/skia/include/config -I../third_party/skia/include/core -I../third_party/skia/include/effects -I../skia/ext -I../testing/gmock/include -I../testing/gtest/include -I/b/build/slave/mac/build/src/webkit/../xcodebuild/webkit.build/Debug/test_shell_tests.build/DerivedSources/i386 -I/b/build/slave/mac/build/src/webkit/../xcodebuild/webkit.build/Debug/test_shell_tests.build/DerivedSources -g1 -c /b/build/slave/mac/build/src/webkit/tools/test_shell/test_shell_test.cc -o /b/build/slave/mac/build/src/webkit/../xcodebuild/webkit.build/Debug/test_shell_tests.build/Objects-normal/i386/test_shell_test.o

Distributed-CompileC ../xcodebuild/webkit.build/Debug/test_shell_tests.build/Objects-normal/i386/run_all_tests.o tools/test_shell/run_all_tests.cc normal i386 c++ com.apple.compilers.gcc.4_2
    cd /b/build/slave/mac/build/src/webkit
    setenv DISTCC_COMPILER "gcc version 4.2.1 (Apple Inc. build 5659)"
    setenv DISTCC_HOSTS "--randomize distcc5.golo.chromium.org:3632,lzo,cpp/18 distcc9.golo.chromium.org:3632,lzo,cpp/18 distcc1.golo.chromium.org:3632,lzo,cpp/18 distcc2.golo.chromium.org:3632,lzo,cpp/18 distcc3.golo.chromium.org:3632,lzo,cpp/18 distcc6.golo.chromium.org:3632,lzo,cpp/18 distcc10.golo.chromium.org:3632,lzo,cpp/18 distcc7.golo.chromium.org:3632,lzo,cpp/18 distcc8.golo.chromium.org:3632,lzo,cpp/18 distcc4.golo.chromium.org:3632,lzo,cpp/18"
    setenv DISTCC_SYSTEM "10.6.4 (10F2025, i386)"
    setenv INCLUDE_SERVER_DIR /tmp/distcc-pump.f08mGR
    setenv INCLUDE_SERVER_PID 706
    setenv INCLUDE_SERVER_PORT /tmp/distcc-pump.f08mGR/socket
    setenv LANG en_US.US-ASCII
    setenv PATH "/usr/bin:/Developer/usr/bin:/usr/bin:/b/build/../depot_tools:/usr/bin:/bin:/usr/sbin:/sbin:/usr/local/bin"
    /Developer/usr/bin/distcc /Developer/usr/bin/gcc-4.2 -x c++ -arch i386 -fmessage-length=0 -pipe -Wno-trigraphs -fno-exceptions -fno-rtti -O0 -Werror -Wnewline-eof -DCHROMIUM_BUILD -DENABLE_REMOTING=1 -DENABLE_GPU=1 -DUNIT_TEST -DGTEST_HAS_RTTI=0 -D__STDC_FORMAT_MACROS -DDYNAMIC_ANNOTATIONS_ENABLED=1 -isysroot /Developer/SDKs/MacOSX10.5.sdk -fvisibility=hidden -fvisibility-inlines-hidden -fno-threadsafe-statics -mmacosx-version-min=10.5 -gdwarf-2 -Wall -Wendif-labels -Wextra -Wno-unused-parameter -Wno-missing-field-initializers -fpch-preprocess -F/b/build/slave/mac/build/src/webkit/../xcodebuild/Debug -F/Developer/SDKs/MacOSX10.5.sdk/System/Library/Frameworks/ApplicationServices.framework/Frameworks -I/b/build/slave/mac/build/src/webkit/../xcodebuild/Debug/include -I../gpu -I.. -I../third_party -I../third_party/npapi -I../third_party/npapi/bindings -I../skia/config -I../third_party/skia/include/config -I../third_party/skia/include/core -I../third_party/skia/include/effects -I../skia/ext -I../testing/gmock/include -I../testing/gtest/include -I/b/build/slave/mac/build/src/webkit/../xcodebuild/webkit.build/Debug/test_shell_tests.build/DerivedSources/i386 -I/b/build/slave/mac/build/src/webkit/../xcodebuild/webkit.build/Debug/test_shell_tests.build/DerivedSources -g1 -c /b/build/slave/mac/build/src/webkit/tools/test_shell/run_all_tests.cc -o /b/build/slave/mac/build/src/webkit/../xcodebuild/webkit.build/Debug/test_shell_tests.build/Objects-normal/i386/run_all_tests.o

Distributed-CompileC ../xcodebuild/webkit.build/Debug/test_shell_tests.build/Objects-normal/i386/plugin_tests.o tools/test_shell/plugin_tests.cc normal i386 c++ com.apple.compilers.gcc.4_2
    cd /b/build/slave/mac/build/src/webkit
    setenv DISTCC_COMPILER "gcc version 4.2.1 (Apple Inc. build 5659)"
    setenv DISTCC_HOSTS "--randomize distcc5.golo.chromium.org:3632,lzo,cpp/18 distcc9.golo.chromium.org:3632,lzo,cpp/18 distcc1.golo.chromium.org:3632,lzo,cpp/18 distcc2.golo.chromium.org:3632,lzo,cpp/18 distcc3.golo.chromium.org:3632,lzo,cpp/18 distcc6.golo.chromium.org:3632,lzo,cpp/18 distcc10.golo.chromium.org:3632,lzo,cpp/18 distcc7.golo.chromium.org:3632,lzo,cpp/18 distcc8.golo.chromium.org:3632,lzo,cpp/18 distcc4.golo.chromium.org:3632,lzo,cpp/18"
    setenv DISTCC_SYSTEM "10.6.4 (10F2025, i386)"
    setenv INCLUDE_SERVER_DIR /tmp/distcc-pump.f08mGR
    setenv INCLUDE_SERVER_PID 706
    setenv INCLUDE_SERVER_PORT /tmp/distcc-pump.f08mGR/socket
    setenv LANG en_US.US-ASCII
    setenv PATH "/usr/bin:/Developer/usr/bin:/usr/bin:/b/build/../depot_tools:/usr/bin:/bin:/usr/sbin:/sbin:/usr/local/bin"
    /Developer/usr/bin/distcc /Developer/usr/bin/gcc-4.2 -x c++ -arch i386 -fmessage-length=0 -pipe -Wno-trigraphs -fno-exceptions -fno-rtti -O0 -Werror -Wnewline-eof -DCHROMIUM_BUILD -DENABLE_REMOTING=1 -DENABLE_GPU=1 -DUNIT_TEST -DGTEST_HAS_RTTI=0 -D__STDC_FORMAT_MACROS -DDYNAMIC_ANNOTATIONS_ENABLED=1 -isysroot /Developer/SDKs/MacOSX10.5.sdk -fvisibility=hidden -fvisibility-inlines-hidden -fno-threadsafe-statics -mmacosx-version-min=10.5 -gdwarf-2 -Wall -Wendif-labels -Wextra -Wno-unused-parameter -Wno-missing-field-initializers -fpch-preprocess -F/b/build/slave/mac/build/src/webkit/../xcodebuild/Debug -F/Developer/SDKs/MacOSX10.5.sdk/System/Library/Frameworks/ApplicationServices.framework/Frameworks -I/b/build/slave/mac/build/src/webkit/../xcodebuild/Debug/include -I../gpu -I.. -I../third_party -I../third_party/npapi -I../third_party/npapi/bindings -I../skia/config -I../third_party/skia/include/config -I../third_party/skia/include/core -I../third_party/skia/include/effects -I../skia/ext -I../testing/gmock/include -I../testing/gtest/include -I/b/build/slave/mac/build/src/webkit/../xcodebuild/webkit.build/Debug/test_shell_tests.build/DerivedSources/i386 -I/b/build/slave/mac/build/src/webkit/../xcodebuild/webkit.build/Debug/test_shell_tests.build/DerivedSources -g1 -c /b/build/slave/mac/build/src/webkit/tools/test_shell/plugin_tests.cc -o /b/build/slave/mac/build/src/webkit/../xcodebuild/webkit.build/Debug/test_shell_tests.build/Objects-normal/i386/plugin_tests.o

Distributed-CompileC ../xcodebuild/webkit.build/Debug/test_shell_tests.build/Objects-normal/i386/buffered_data_source_unittest.o glue/media/buffered_data_source_unittest.cc normal i386 c++ com.apple.compilers.gcc.4_2
    cd /b/build/slave/mac/build/src/webkit
    setenv DISTCC_COMPILER "gcc version 4.2.1 (Apple Inc. build 5659)"
    setenv DISTCC_HOSTS "--randomize distcc5.golo.chromium.org:3632,lzo,cpp/18 distcc9.golo.chromium.org:3632,lzo,cpp/18 distcc1.golo.chromium.org:3632,lzo,cpp/18 distcc2.golo.chromium.org:3632,lzo,cpp/18 distcc3.golo.chromium.org:3632,lzo,cpp/18 distcc6.golo.chromium.org:3632,lzo,cpp/18 distcc10.golo.chromium.org:3632,lzo,cpp/18 distcc7.golo.chromium.org:3632,lzo,cpp/18 distcc8.golo.chromium.org:3632,lzo,cpp/18 distcc4.golo.chromium.org:3632,lzo,cpp/18"
    setenv DISTCC_SYSTEM "10.6.4 (10F2025, i386)"
    setenv INCLUDE_SERVER_DIR /tmp/distcc-pump.f08mGR
    setenv INCLUDE_SERVER_PID 706
    setenv INCLUDE_SERVER_PORT /tmp/distcc-pump.f08mGR/socket
    setenv LANG en_US.US-ASCII
    setenv PATH "/usr/bin:/Developer/usr/bin:/usr/bin:/b/build/../depot_tools:/usr/bin:/bin:/usr/sbin:/sbin:/usr/local/bin"
    /Developer/usr/bin/distcc /Developer/usr/bin/gcc-4.2 -x c++ -arch i386 -fmessage-length=0 -pipe -Wno-trigraphs -fno-exceptions -fno-rtti -O0 -Werror -Wnewline-eof -DCHROMIUM_BUILD -DENABLE_REMOTING=1 -DENABLE_GPU=1 -DUNIT_TEST -DGTEST_HAS_RTTI=0 -D__STDC_FORMAT_MACROS -DDYNAMIC_ANNOTATIONS_ENABLED=1 -isysroot /Developer/SDKs/MacOSX10.5.sdk -fvisibility=hidden -fvisibility-inlines-hidden -fno-threadsafe-statics -mmacosx-version-min=10.5 -gdwarf-2 -Wall -Wendif-labels -Wextra -Wno-unused-parameter -Wno-missing-field-initializers -fpch-preprocess -F/b/build/slave/mac/build/src/webkit/../xcodebuild/Debug -F/Developer/SDKs/MacOSX10.5.sdk/System/Library/Frameworks/ApplicationServices.framework/Frameworks -I/b/build/slave/mac/build/src/webkit/../xcodebuild/Debug/include -I../gpu -I.. -I../third_party -I../third_party/npapi -I../third_party/npapi/bindings -I../skia/config -I../third_party/skia/include/config -I../third_party/skia/include/core -I../third_party/skia/include/effects -I../skia/ext -I../testing/gmock/include -I../testing/gtest/include -I/b/build/slave/mac/build/src/webkit/../xcodebuild/webkit.build/Debug/test_shell_tests.build/DerivedSources/i386 -I/b/build/slave/mac/build/src/webkit/../xcodebuild/webkit.build/Debug/test_shell_tests.build/DerivedSources -g1 -c /b/build/slave/mac/build/src/webkit/glue/media/buffered_data_source_unittest.cc -o /b/build/slave/mac/build/src/webkit/../xcodebuild/webkit.build/Debug/test_shell_tests.build/Objects-normal/i386/buffered_data_source_unittest.o

Distributed-CompileC ../xcodebuild/webkit.build/Debug/test_shell_tests.build/Objects-normal/i386/simple_data_source_unittest.o glue/media/simple_data_source_unittest.cc normal i386 c++ com.apple.compilers.gcc.4_2
    cd /b/build/slave/mac/build/src/webkit
    setenv DISTCC_COMPILER "gcc version 4.2.1 (Apple Inc. build 5659)"
    setenv DISTCC_HOSTS "--randomize distcc5.golo.chromium.org:3632,lzo,cpp/18 distcc9.golo.chromium.org:3632,lzo,cpp/18 distcc1.golo.chromium.org:3632,lzo,cpp/18 distcc2.golo.chromium.org:3632,lzo,cpp/18 distcc3.golo.chromium.org:3632,lzo,cpp/18 distcc6.golo.chromium.org:3632,lzo,cpp/18 distcc10.golo.chromium.org:3632,lzo,cpp/18 distcc7.golo.chromium.org:3632,lzo,cpp/18 distcc8.golo.chromium.org:3632,lzo,cpp/18 distcc4.golo.chromium.org:3632,lzo,cpp/18"
    setenv DISTCC_SYSTEM "10.6.4 (10F2025, i386)"
    setenv INCLUDE_SERVER_DIR /tmp/distcc-pump.f08mGR
    setenv INCLUDE_SERVER_PID 706
    setenv INCLUDE_SERVER_PORT /tmp/distcc-pump.f08mGR/socket
    setenv LANG en_US.US-ASCII
    setenv PATH "/usr/bin:/Developer/usr/bin:/usr/bin:/b/build/../depot_tools:/usr/bin:/bin:/usr/sbin:/sbin:/usr/local/bin"
    /Developer/usr/bin/distcc /Developer/usr/bin/gcc-4.2 -x c++ -arch i386 -fmessage-length=0 -pipe -Wno-trigraphs -fno-exceptions -fno-rtti -O0 -Werror -Wnewline-eof -DCHROMIUM_BUILD -DENABLE_REMOTING=1 -DENABLE_GPU=1 -DUNIT_TEST -DGTEST_HAS_RTTI=0 -D__STDC_FORMAT_MACROS -DDYNAMIC_ANNOTATIONS_ENABLED=1 -isysroot /Developer/SDKs/MacOSX10.5.sdk -fvisibility=hidden -fvisibility-inlines-hidden -fno-threadsafe-statics -mmacosx-version-min=10.5 -gdwarf-2 -Wall -Wendif-labels -Wextra -Wno-unused-parameter -Wno-missing-field-initializers -fpch-preprocess -F/b/build/slave/mac/build/src/webkit/../xcodebuild/Debug -F/Developer/SDKs/MacOSX10.5.sdk/System/Library/Frameworks/ApplicationServices.framework/Frameworks -I/b/build/slave/mac/build/src/webkit/../xcodebuild/Debug/include -I../gpu -I.. -I../third_party -I../third_party/npapi -I../third_party/npapi/bindings -I../skia/config -I../third_party/skia/include/config -I../third_party/skia/include/core -I../third_party/skia/include/effects -I../skia/ext -I../testing/gmock/include -I../testing/gtest/include -I/b/build/slave/mac/build/src/webkit/../xcodebuild/webkit.build/Debug/test_shell_tests.build/DerivedSources/i386 -I/b/build/slave/mac/build/src/webkit/../xcodebuild/webkit.build/Debug/test_shell_tests.build/DerivedSources -g1 -c /b/build/slave/mac/build/src/webkit/glue/media/simple_data_source_unittest.cc -o /b/build/slave/mac/build/src/webkit/../xcodebuild/webkit.build/Debug/test_shell_tests.build/Objects-normal/i386/simple_data_source_unittest.o

Distributed-CompileC ../xcodebuild/webkit.build/Debug/test_shell_tests.build/Objects-normal/i386/cpp_bound_class_unittest.o glue/cpp_bound_class_unittest.cc normal i386 c++ com.apple.compilers.gcc.4_2
    cd /b/build/slave/mac/build/src/webkit
    setenv DISTCC_COMPILER "gcc version 4.2.1 (Apple Inc. build 5659)"
    setenv DISTCC_HOSTS "--randomize distcc5.golo.chromium.org:3632,lzo,cpp/18 distcc9.golo.chromium.org:3632,lzo,cpp/18 distcc1.golo.chromium.org:3632,lzo,cpp/18 distcc2.golo.chromium.org:3632,lzo,cpp/18 distcc3.golo.chromium.org:3632,lzo,cpp/18 distcc6.golo.chromium.org:3632,lzo,cpp/18 distcc10.golo.chromium.org:3632,lzo,cpp/18 distcc7.golo.chromium.org:3632,lzo,cpp/18 distcc8.golo.chromium.org:3632,lzo,cpp/18 distcc4.golo.chromium.org:3632,lzo,cpp/18"
    setenv DISTCC_SYSTEM "10.6.4 (10F2025, i386)"
    setenv INCLUDE_SERVER_DIR /tmp/distcc-pump.f08mGR
    setenv INCLUDE_SERVER_PID 706
    setenv INCLUDE_SERVER_PORT /tmp/distcc-pump.f08mGR/socket
    setenv LANG en_US.US-ASCII
    setenv PATH "/usr/bin:/Developer/usr/bin:/usr/bin:/b/build/../depot_tools:/usr/bin:/bin:/usr/sbin:/sbin:/usr/local/bin"
    /Developer/usr/bin/distcc /Developer/usr/bin/gcc-4.2 -x c++ -arch i386 -fmessage-length=0 -pipe -Wno-trigraphs -fno-exceptions -fno-rtti -O0 -Werror -Wnewline-eof -DCHROMIUM_BUILD -DENABLE_REMOTING=1 -DENABLE_GPU=1 -DUNIT_TEST -DGTEST_HAS_RTTI=0 -D__STDC_FORMAT_MACROS -DDYNAMIC_ANNOTATIONS_ENABLED=1 -isysroot /Developer/SDKs/MacOSX10.5.sdk -fvisibility=hidden -fvisibility-inlines-hidden -fno-threadsafe-statics -mmacosx-version-min=10.5 -gdwarf-2 -Wall -Wendif-labels -Wextra -Wno-unused-parameter -Wno-missing-field-initializers -fpch-preprocess -F/b/build/slave/mac/build/src/webkit/../xcodebuild/Debug -F/Developer/SDKs/MacOSX10.5.sdk/System/Library/Frameworks/ApplicationServices.framework/Frameworks -I/b/build/slave/mac/build/src/webkit/../xcodebuild/Debug/include -I../gpu -I.. -I../third_party -I../third_party/npapi -I../third_party/npapi/bindings -I../skia/config -I../third_party/skia/include/config -I../third_party/skia/include/core -I../third_party/skia/include/effects -I../skia/ext -I../testing/gmock/include -I../testing/gtest/include -I/b/build/slave/mac/build/src/webkit/../xcodebuild/webkit.build/Debug/test_shell_tests.build/DerivedSources/i386 -I/b/build/slave/mac/build/src/webkit/../xcodebuild/webkit.build/Debug/test_shell_tests.build/DerivedSources -g1 -c /b/build/slave/mac/build/src/webkit/glue/cpp_bound_class_unittest.cc -o /b/build/slave/mac/build/src/webkit/../xcodebuild/webkit.build/Debug/test_shell_tests.build/Objects-normal/i386/cpp_bound_class_unittest.o

distcc[8970] ERROR: compile /b/build/slave/mac/build/src/webkit/glue/cpp_bound_class_unittest.cc on distcc6.golo.chromium.org:3632,lzo,cpp/18 failed
distcc[8970] (dcc_build_somewhere) Warning: remote compilation of '/b/build/slave/mac/build/src/webkit/glue/cpp_bound_class_unittest.cc' failed, retrying locally
distcc[8970] Warning: failed to distribute /b/build/slave/mac/build/src/webkit/glue/cpp_bound_class_unittest.cc to distcc6.golo.chromium.org:3632,lzo,cpp/18, running locally instead
../testing/gtest/include/gtest/gtest.h: In function 'testing::AssertionResult testing::internal::CmpHelperEQ(const char*, const char*, const T1&, const T2&) [with T1 = char [8], T2 = std::basic_string<short unsigned int, base::string16_char_traits, std::allocator<short unsigned int> >]':
../testing/gtest/include/gtest/gtest.h:1322:   instantiated from 'static testing::AssertionResult testing::internal::EqHelper<lhs_is_null_literal>::Compare(const char*, const char*, const T1&, const T2&) [with T1 = char [8], T2 = string16, bool lhs_is_null_literal = false]'
/b/build/slave/mac/build/src/webkit/glue/cpp_bound_class_unittest.cc:116:   instantiated from here
../testing/gtest/include/gtest/gtest.h:1285: error: no match for 'operator==' in 'expected == actual'
../base/string_piece.h:166: note: candidates are: bool base::operator==(const base::StringPiece&, const base::StringPiece&)
../testing/gtest/include/gtest/gtest.h: In function 'testing::AssertionResult testing::internal::CmpHelperEQ(const char*, const char*, const T1&, const T2&) [with T1 = wchar_t [1], T2 = std::basic_string<short unsigned int, base::string16_char_traits, std::allocator<short unsigned int> >]':
../testing/gtest/include/gtest/gtest.h:1322:   instantiated from 'static testing::AssertionResult testing::internal::EqHelper<lhs_is_null_literal>::Compare(const char*, const char*, const T1&, const T2&) [with T1 = wchar_t [1], T2 = string16, bool lhs_is_null_literal = false]'
/b/build/slave/mac/build/src/webkit/glue/cpp_bound_class_unittest.cc:123:   instantiated from here
../testing/gtest/include/gtest/gtest.h:1285: error: no match for 'operator==' in 'expected == actual'
../base/string_piece.h:166: note: candidates are: bool base::operator==(const base::StringPiece&, const base::StringPiece&)
distcc[8970] ERROR: compile /b/build/slave/mac/build/src/webkit/glue/cpp_bound_class_unittest.cc on localhost failed
Distributed-CompileC ../xcodebuild/webkit.build/Debug/test_shell_tests.build/Objects-normal/i386/mimetype_unittest.o glue/mimetype_unittest.cc normal i386 c++ com.apple.compilers.gcc.4_2
    cd /b/build/slave/mac/build/src/webkit
    setenv DISTCC_COMPILER "gcc version 4.2.1 (Apple Inc. build 5659)"
    setenv DISTCC_HOSTS "--randomize distcc5.golo.chromium.org:3632,lzo,cpp/18 distcc9.golo.chromium.org:3632,lzo,cpp/18 distcc1.golo.chromium.org:3632,lzo,cpp/18 distcc2.golo.chromium.org:3632,lzo,cpp/18 distcc3.golo.chromium.org:3632,lzo,cpp/18 distcc6.golo.chromium.org:3632,lzo,cpp/18 distcc10.golo.chromium.org:3632,lzo,cpp/18 distcc7.golo.chromium.org:3632,lzo,cpp/18 distcc8.golo.chromium.org:3632,lzo,cpp/18 distcc4.golo.chromium.org:3632,lzo,cpp/18"
    setenv DISTCC_SYSTEM "10.6.4 (10F2025, i386)"
    setenv INCLUDE_SERVER_DIR /tmp/distcc-pump.f08mGR
    setenv INCLUDE_SERVER_PID 706
    setenv INCLUDE_SERVER_PORT /tmp/distcc-pump.f08mGR/socket
    setenv LANG en_US.US-ASCII
    setenv PATH "/usr/bin:/Developer/usr/bin:/usr/bin:/b/build/../depot_tools:/usr/bin:/bin:/usr/sbin:/sbin:/usr/local/bin"
    /Developer/usr/bin/distcc /Developer/usr/bin/gcc-4.2 -x c++ -arch i386 -fmessage-length=0 -pipe -Wno-trigraphs -fno-exceptions -fno-rtti -O0 -Werror -Wnewline-eof -DCHROMIUM_BUILD -DENABLE_REMOTING=1 -DENABLE_GPU=1 -DUNIT_TEST -DGTEST_HAS_RTTI=0 -D__STDC_FORMAT_MACROS -DDYNAMIC_ANNOTATIONS_ENABLED=1 -isysroot /Developer/SDKs/MacOSX10.5.sdk -fvisibility=hidden -fvisibility-inlines-hidden -fno-threadsafe-statics -mmacosx-version-min=10.5 -gdwarf-2 -Wall -Wendif-labels -Wextra -Wno-unused-parameter -Wno-missing-field-initializers -fpch-preprocess -F/b/build/slave/mac/build/src/webkit/../xcodebuild/Debug -F/Developer/SDKs/MacOSX10.5.sdk/System/Library/Frameworks/ApplicationServices.framework/Frameworks -I/b/build/slave/mac/build/src/webkit/../xcodebuild/Debug/include -I../gpu -I.. -I../third_party -I../third_party/npapi -I../third_party/npapi/bindings -I../skia/config -I../third_party/skia/include/config -I../third_party/skia/include/core -I../third_party/skia/include/effects -I../skia/ext -I../testing/gmock/include -I../testing/gtest/include -I/b/build/slave/mac/build/src/webkit/../xcodebuild/webkit.build/Debug/test_shell_tests.build/DerivedSources/i386 -I/b/build/slave/mac/build/src/webkit/../xcodebuild/webkit.build/Debug/test_shell_tests.build/DerivedSources -g1 -c /b/build/slave/mac/build/src/webkit/glue/mimetype_unittest.cc -o /b/build/slave/mac/build/src/webkit/../xcodebuild/webkit.build/Debug/test_shell_tests.build/Objects-normal/i386/mimetype_unittest.o


=== BUILD AGGREGATE TARGET All OF PROJECT all WITH CONFIGURATION Debug ===
Check dependencies
-n __________Warning: 
-n        1 
-n pump-mode compilation(s) failed on server, 
but succeeded locally.
-n __________Distcc-pump was demoted to plain mode.
-n   See the Distcc Discrepancy Symptoms section in the 
include_server(1) man page.
__________Shutting down distcc-pump include server
** BUILD FAILED **


The following build commands failed:
test_shell_tests:
	Distributed-CompileC ../xcodebuild/webkit.build/Debug/test_shell_tests.build/Objects-normal/i386/bookmarklet_unittest.o /b/build/slave/mac/build/src/webkit/glue/bookmarklet_unittest.cc normal i386 c++ com.apple.compilers.gcc.4_2
	Distributed-CompileC ../xcodebuild/webkit.build/Debug/test_shell_tests.build/Objects-normal/i386/cpp_bound_class_unittest.o /b/build/slave/mac/build/src/webkit/glue/cpp_bound_class_unittest.cc normal i386 c++ com.apple.compilers.gcc.4_2
	Distributed-CompileC ../xcodebuild/webkit.build/Debug/test_shell_tests.build/Objects-normal/i386/mimetype_unittest.o /b/build/slave/mac/build/src/webkit/glue/mimetype_unittest.cc normal i386 c++ com.apple.compilers.gcc.4_2
(3 failures)

__________Shutting down distcc-pump include server
